desc: --massif-out-file=massif.out
cmd: ./output
time_unit: i
#-----------
snapshot=0
#-----------
time=0
mem_heap_B=0
mem_heap_extra_B=0
mem_stacks_B=0
heap_tree=empty
#-----------
snapshot=1
#-----------
time=2392487616
mem_heap_B=27637636
mem_heap_extra_B=88980
mem_stacks_B=0
heap_tree=empty
#-----------
snapshot=2
#-----------
time=3890815063
mem_heap_B=27736964
mem_heap_extra_B=88980
mem_stacks_B=0
heap_tree=empty
#-----------
snapshot=3
#-----------
time=6692518992
mem_heap_B=27935620
mem_heap_extra_B=88980
mem_stacks_B=0
heap_tree=empty
#-----------
snapshot=4
#-----------
time=8604068603
mem_heap_B=27935620
mem_heap_extra_B=88980
mem_stacks_B=0
heap_tree=empty
#-----------
snapshot=5
#-----------
time=10610885628
mem_heap_B=28332932
mem_heap_extra_B=88980
mem_stacks_B=0
heap_tree=empty
#-----------
snapshot=6
#-----------
time=12905575758
mem_heap_B=28332932
mem_heap_extra_B=88980
mem_stacks_B=0
heap_tree=empty
#-----------
snapshot=7
#-----------
time=15343220922
mem_heap_B=28332932
mem_heap_extra_B=88980
mem_stacks_B=0
heap_tree=empty
#-----------
snapshot=8
#-----------
time=17324251176
mem_heap_B=28063736
mem_heap_extra_B=89432
mem_stacks_B=0
heap_tree=detailed
n8: 28063736 (heap allocation functions) malloc/new/new[], --alloc-fns, etc.
 n1: 16781375 0x729DC39: MPL_malloc (mpl_trmem.h:373)
  n2: 16781375 0x729DC39: ADIOI_Malloc_fn (malloc.c:41)
   n1: 16777216 0x7290218: ADIO_Open (ad_open.c:149)
    n1: 16777216 0x7271815: PMPI_File_open (open.c:152)
     n1: 16777216 0x912CF44: H5FD__mpio_open (H5FDmpio.c:884)
      n1: 16777216 0x8EE3F91: H5FD_open (H5FD.c:768)
       n1: 16777216 0x8ED239F: H5F_open (H5Fint.c:1850)
        n1: 16777216 0x90F34C8: H5VL__native_file_create (H5VLnative_file.c:93)
         n1: 16777216 0x90DFDFC: H5VL__file_create (H5VLcallback.c:3570)
          n1: 16777216 0x90DFDFC: H5VL_file_create (H5VLcallback.c:3604)
           n1: 16777216 0x8EC01C9: H5F__create_api_common (H5F.c:612)
            n1: 16777216 0x8EC1C27: H5Fcreate (H5F.c:659)
             n1: 16777216 0x503FA0A: PetscViewerFileSetName_HDF5 (hdf5v.c:435)
              n1: 16777216 0x5030754: PetscViewerFileSetName (filev.c:764)
               n1: 16777216 0x5040765: PetscViewerHDF5Open (hdf5v.c:629)
                n1: 16777216 0x10F5AF: tise::solve_tise(int, int, std::vector<double, std::allocator<double> > const&, int, int) (tise.cpp:246)
                 n0: 16777216 0x10CF59: main (main.cpp:40)
   n0: 4159 in 19 places, all below massif's threshold (1.00%)
 n1: 4194688 0x71FC284: MPL_malloc (mpl_trmem.h:373)
  n1: 4194688 0x71FC284: MPIDU_Init_shm_alloc (mpidu_init_shm_alloc.c:66)
   n1: 4194688 0x71E84C2: MPID_nem_init (mpid_nem_init.c:253)
    n1: 4194688 0x71DBEE6: MPIDI_CH3_Init (ch3_init.c:83)
     n1: 4194688 0x71CE1D4: init_world (mpid_init.c:169)
      n1: 4194688 0x71CE1D4: MPID_Init (mpid_init.c:66)
       n1: 4194688 0x7132B40: MPII_Init_thread (mpir_init.c:241)
        n1: 4194688 0x6FF0AB3: internal_Init_thread (c_binding.c:49242)
         n1: 4194688 0x6FF0AB3: PMPI_Init_thread (c_binding.c:49297)
          n1: 4194688 0x50A9249: PetscInitialize (pinit.c:1345)
           n1: 4194688 0x6CD89C1: SlepcInitialize (slepcinit.c:264)
            n0: 4194688 0x10CEF5: main (main.cpp:28)
 n1: 3670016 0x71D8A9F: MPL_malloc (mpl_trmem.h:373)
  n1: 3670016 0x71D8A9F: MPIDI_RMA_init (mpidi_rma.c:93)
   n1: 3670016 0x71CE2AB: init_world (mpid_init.c:184)
    n1: 3670016 0x71CE2AB: MPID_Init (mpid_init.c:66)
     n1: 3670016 0x7132B40: MPII_Init_thread (mpir_init.c:241)
      n1: 3670016 0x6FF0AB3: internal_Init_thread (c_binding.c:49242)
       n1: 3670016 0x6FF0AB3: PMPI_Init_thread (c_binding.c:49297)
        n1: 3670016 0x50A9249: PetscInitialize (pinit.c:1345)
         n1: 3670016 0x6CD89C1: SlepcInitialize (slepcinit.c:264)
          n0: 3670016 0x10CEF5: main (main.cpp:28)
 n1: 1310720 0x71D8B48: MPL_malloc (mpl_trmem.h:373)
  n1: 1310720 0x71D8B48: MPIDI_RMA_init (mpidi_rma.c:101)
   n1: 1310720 0x71CE2AB: init_world (mpid_init.c:184)
    n1: 1310720 0x71CE2AB: MPID_Init (mpid_init.c:66)
     n1: 1310720 0x7132B40: MPII_Init_thread (mpir_init.c:241)
      n1: 1310720 0x6FF0AB3: internal_Init_thread (c_binding.c:49242)
       n1: 1310720 0x6FF0AB3: PMPI_Init_thread (c_binding.c:49297)
        n1: 1310720 0x50A9249: PetscInitialize (pinit.c:1345)
         n1: 1310720 0x6CD89C1: SlepcInitialize (slepcinit.c:264)
          n0: 1310720 0x10CEF5: main (main.cpp:28)
 n2: 762296 0x8F0A2AD: H5FL__malloc (H5FL.c:231)
  n2: 757104 0x8F0A3D4: H5FL_reg_malloc (H5FL.c:414)
   n2: 608592 0x8F0A4D1: H5FL_reg_calloc (H5FL.c:468)
    n1: 528184 0x8E3E701: H5C_create (H5C.c:144)
     n1: 528184 0x8E26A75: H5AC_create (H5AC.c:314)
      n1: 528184 0x8ED16A0: H5F__new (H5Fint.c:1304)
       n1: 528184 0x8ED25E8: H5F_open (H5Fint.c:1914)
        n1: 528184 0x90F34C8: H5VL__native_file_create (H5VLnative_file.c:93)
         n1: 528184 0x90DFDFC: H5VL__file_create (H5VLcallback.c:3570)
          n1: 528184 0x90DFDFC: H5VL_file_create (H5VLcallback.c:3604)
           n1: 528184 0x8EC01C9: H5F__create_api_common (H5F.c:612)
            n1: 528184 0x8EC1C27: H5Fcreate (H5F.c:659)
             n1: 528184 0x503FA0A: PetscViewerFileSetName_HDF5 (hdf5v.c:435)
              n1: 528184 0x5030754: PetscViewerFileSetName (filev.c:764)
               n1: 528184 0x5040765: PetscViewerHDF5Open (hdf5v.c:629)
                n1: 528184 0x10F5AF: tise::solve_tise(int, int, std::vector<double, std::allocator<double> > const&, int, int) (tise.cpp:246)
                 n0: 528184 0x10CF59: main (main.cpp:40)
    n0: 80408 in 30 places, all below massif's threshold (1.00%)
   n0: 148512 in 17 places, all below massif's threshold (1.00%)
  n0: 5192 in 2 places, all below massif's threshold (1.00%)
 n0: 584789 in 229 places, all below massif's threshold (1.00%)
 n2: 473132 0x5078F25: PetscMallocAlign (mal.c:52)
  n2: 395164 0x50BFC61: PetscShmgetAllocateArray (server.c:265)
   n1: 311328 0x534DF65: MatSeqAIJSetPreallocation_SeqAIJ (aij.c:4020)
    n1: 311328 0x5354D36: MatSeqAIJSetPreallocation (aij.c:3953)
     n1: 311328 0x5354DC0: MatAssemblyEnd_Seq_Hash (seqhashmat.h:35)
      n1: 311328 0x5AA2C26: MatAssemblyEnd (matrix.c:5878)
       n1: 311328 0x10EF7E: tise::construct_kinetic_matrix(_p_Mat**, int, int, std::vector<double, std::allocator<double> > const&) (tise.cpp:63)
        n1: 311328 0x10F65F: tise::solve_tise(int, int, std::vector<double, std::allocator<double> > const&, int, int) (tise.cpp:256)
         n0: 311328 0x10CF59: main (main.cpp:40)
   n0: 83836 in 2 places, all below massif's threshold (1.00%)
  n0: 77968 in 2 places, all below massif's threshold (1.00%)
 n1: 286720 0x711D5C8: MPIR_Handle_indirect_init (mpir_handlemem.h:188)
  n1: 286720 0x711D5C8: MPIR_Handle_obj_alloc_unsafe (mpir_handlemem.h:316)
   n1: 286720 0x711D5C8: MPIR_Handle_obj_alloc.constprop.0 (mpir_handlemem.h:258)
    n1: 286720 0x711DB21: type_struct.part.0 (type_create.c:201)
     n1: 286720 0x711EE05: type_struct (type_create.c:192)
      n1: 286720 0x711EE05: MPIR_Type_struct (type_create.c:243)
       n1: 286720 0x7122954: MPIR_Type_create_struct_impl (type_create.c:905)
        n1: 286720 0x6F34F33: internal_Type_create_struct (c_binding.c:36775)
         n1: 286720 0x50A80EB: PetscInitialize_Common (pinit.c:972)
          n1: 286720 0x50A92D9: PetscInitialize (pinit.c:1360)
           n1: 286720 0x6CD89C1: SlepcInitialize (slepcinit.c:264)
            n0: 286720 0x10CEF5: main (main.cpp:28)
#-----------
snapshot=9
#-----------
time=19761425667
mem_heap_B=28163064
mem_heap_extra_B=89432
mem_stacks_B=0
heap_tree=empty
#-----------
snapshot=10
#-----------
time=21463248629
mem_heap_B=28361720
mem_heap_extra_B=89432
mem_stacks_B=0
heap_tree=empty
#-----------
snapshot=11
#-----------
time=23591557962
mem_heap_B=28361720
mem_heap_extra_B=89432
mem_stacks_B=0
heap_tree=empty
#-----------
snapshot=12
#-----------
time=25290750116
mem_heap_B=28361720
mem_heap_extra_B=89432
mem_stacks_B=0
heap_tree=empty
#-----------
snapshot=13
#-----------
time=26992427256
mem_heap_B=28759032
mem_heap_extra_B=89432
mem_stacks_B=0
heap_tree=empty
#-----------
snapshot=14
#-----------
time=28910008669
mem_heap_B=28759032
mem_heap_extra_B=89432
mem_stacks_B=0
heap_tree=detailed
n8: 28759032 (heap allocation functions) malloc/new/new[], --alloc-fns, etc.
 n1: 16781375 0x729DC39: MPL_malloc (mpl_trmem.h:373)
  n2: 16781375 0x729DC39: ADIOI_Malloc_fn (malloc.c:41)
   n1: 16777216 0x7290218: ADIO_Open (ad_open.c:149)
    n1: 16777216 0x7271815: PMPI_File_open (open.c:152)
     n1: 16777216 0x912CF44: H5FD__mpio_open (H5FDmpio.c:884)
      n1: 16777216 0x8EE3F91: H5FD_open (H5FD.c:768)
       n1: 16777216 0x8ED239F: H5F_open (H5Fint.c:1850)
        n1: 16777216 0x90F34C8: H5VL__native_file_create (H5VLnative_file.c:93)
         n1: 16777216 0x90DFDFC: H5VL__file_create (H5VLcallback.c:3570)
          n1: 16777216 0x90DFDFC: H5VL_file_create (H5VLcallback.c:3604)
           n1: 16777216 0x8EC01C9: H5F__create_api_common (H5F.c:612)
            n1: 16777216 0x8EC1C27: H5Fcreate (H5F.c:659)
             n1: 16777216 0x503FA0A: PetscViewerFileSetName_HDF5 (hdf5v.c:435)
              n1: 16777216 0x5030754: PetscViewerFileSetName (filev.c:764)
               n1: 16777216 0x5040765: PetscViewerHDF5Open (hdf5v.c:629)
                n1: 16777216 0x10F5AF: tise::solve_tise(int, int, std::vector<double, std::allocator<double> > const&, int, int) (tise.cpp:246)
                 n0: 16777216 0x10CF59: main (main.cpp:40)
   n0: 4159 in 19 places, all below massif's threshold (1.00%)
 n1: 4194688 0x71FC284: MPL_malloc (mpl_trmem.h:373)
  n1: 4194688 0x71FC284: MPIDU_Init_shm_alloc (mpidu_init_shm_alloc.c:66)
   n1: 4194688 0x71E84C2: MPID_nem_init (mpid_nem_init.c:253)
    n1: 4194688 0x71DBEE6: MPIDI_CH3_Init (ch3_init.c:83)
     n1: 4194688 0x71CE1D4: init_world (mpid_init.c:169)
      n1: 4194688 0x71CE1D4: MPID_Init (mpid_init.c:66)
       n1: 4194688 0x7132B40: MPII_Init_thread (mpir_init.c:241)
        n1: 4194688 0x6FF0AB3: internal_Init_thread (c_binding.c:49242)
         n1: 4194688 0x6FF0AB3: PMPI_Init_thread (c_binding.c:49297)
          n1: 4194688 0x50A9249: PetscInitialize (pinit.c:1345)
           n1: 4194688 0x6CD89C1: SlepcInitialize (slepcinit.c:264)
            n0: 4194688 0x10CEF5: main (main.cpp:28)
 n1: 3670016 0x71D8A9F: MPL_malloc (mpl_trmem.h:373)
  n1: 3670016 0x71D8A9F: MPIDI_RMA_init (mpidi_rma.c:93)
   n1: 3670016 0x71CE2AB: init_world (mpid_init.c:184)
    n1: 3670016 0x71CE2AB: MPID_Init (mpid_init.c:66)
     n1: 3670016 0x7132B40: MPII_Init_thread (mpir_init.c:241)
      n1: 3670016 0x6FF0AB3: internal_Init_thread (c_binding.c:49242)
       n1: 3670016 0x6FF0AB3: PMPI_Init_thread (c_binding.c:49297)
        n1: 3670016 0x50A9249: PetscInitialize (pinit.c:1345)
         n1: 3670016 0x6CD89C1: SlepcInitialize (slepcinit.c:264)
          n0: 3670016 0x10CEF5: main (main.cpp:28)
 n1: 1310720 0x71D8B48: MPL_malloc (mpl_trmem.h:373)
  n1: 1310720 0x71D8B48: MPIDI_RMA_init (mpidi_rma.c:101)
   n1: 1310720 0x71CE2AB: init_world (mpid_init.c:184)
    n1: 1310720 0x71CE2AB: MPID_Init (mpid_init.c:66)
     n1: 1310720 0x7132B40: MPII_Init_thread (mpir_init.c:241)
      n1: 1310720 0x6FF0AB3: internal_Init_thread (c_binding.c:49242)
       n1: 1310720 0x6FF0AB3: PMPI_Init_thread (c_binding.c:49297)
        n1: 1310720 0x50A9249: PetscInitialize (pinit.c:1345)
         n1: 1310720 0x6CD89C1: SlepcInitialize (slepcinit.c:264)
          n0: 1310720 0x10CEF5: main (main.cpp:28)
 n0: 1042517 in 229 places, all below massif's threshold (1.00%)
 n2: 762296 0x8F0A2AD: H5FL__malloc (H5FL.c:231)
  n2: 757104 0x8F0A3D4: H5FL_reg_malloc (H5FL.c:414)
   n2: 608592 0x8F0A4D1: H5FL_reg_calloc (H5FL.c:468)
    n1: 528184 0x8E3E701: H5C_create (H5C.c:144)
     n1: 528184 0x8E26A75: H5AC_create (H5AC.c:314)
      n1: 528184 0x8ED16A0: H5F__new (H5Fint.c:1304)
       n1: 528184 0x8ED25E8: H5F_open (H5Fint.c:1914)
        n1: 528184 0x90F34C8: H5VL__native_file_create (H5VLnative_file.c:93)
         n1: 528184 0x90DFDFC: H5VL__file_create (H5VLcallback.c:3570)
          n1: 528184 0x90DFDFC: H5VL_file_create (H5VLcallback.c:3604)
           n1: 528184 0x8EC01C9: H5F__create_api_common (H5F.c:612)
            n1: 528184 0x8EC1C27: H5Fcreate (H5F.c:659)
             n1: 528184 0x503FA0A: PetscViewerFileSetName_HDF5 (hdf5v.c:435)
              n1: 528184 0x5030754: PetscViewerFileSetName (filev.c:764)
               n1: 528184 0x5040765: PetscViewerHDF5Open (hdf5v.c:629)
                n1: 528184 0x10F5AF: tise::solve_tise(int, int, std::vector<double, std::allocator<double> > const&, int, int) (tise.cpp:246)
                 n0: 528184 0x10CF59: main (main.cpp:40)
    n0: 80408 in 30 places, all below massif's threshold (1.00%)
   n0: 148512 in 17 places, all below massif's threshold (1.00%)
  n0: 5192 in 2 places, all below massif's threshold (1.00%)
 n1: 524288 0x5350127: kh_resize_HMapIJV (hashmapijv.h:10)
  n1: 524288 0x5350127: kh_put_HMapIJV (hashmapijv.h:10)
   n1: 524288 0x5350127: PetscHMapIJVQuerySet (hashmapijv.h:10)
    n1: 524288 0x5350127: MatSetValues_Seq_Hash (seqhashmatsetvalues.h:52)
     n2: 524288 0x5A923D4: MatSetValues (matrix.c:1543)
      n1: 524288 0x10F4E0: MatSetValue (petscmat.h:981)
       n1: 524288 0x10F4E0: tise::construct_overlap_matrix(_p_Mat**, int, int, std::vector<double, std::allocator<double> > const&) (tise.cpp:219)
        n1: 524288 0x10F685: tise::solve_tise(int, int, std::vector<double, std::allocator<double> > const&, int, int) (tise.cpp:257)
         n0: 524288 0x10CF59: main (main.cpp:40)
      n0: 0 in 1 place, below massif's threshold (1.00%)
 n2: 473132 0x5078F25: PetscMallocAlign (mal.c:52)
  n2: 395164 0x50BFC61: PetscShmgetAllocateArray (server.c:265)
   n1: 311328 0x534DF65: MatSeqAIJSetPreallocation_SeqAIJ (aij.c:4020)
    n1: 311328 0x5354D36: MatSeqAIJSetPreallocation (aij.c:3953)
     n1: 311328 0x5354DC0: MatAssemblyEnd_Seq_Hash (seqhashmat.h:35)
      n1: 311328 0x5AA2C26: MatAssemblyEnd (matrix.c:5878)
       n1: 311328 0x10EF7E: tise::construct_kinetic_matrix(_p_Mat**, int, int, std::vector<double, std::allocator<double> > const&) (tise.cpp:63)
        n1: 311328 0x10F65F: tise::solve_tise(int, int, std::vector<double, std::allocator<double> > const&, int, int) (tise.cpp:256)
         n0: 311328 0x10CF59: main (main.cpp:40)
   n0: 83836 in 2 places, all below massif's threshold (1.00%)
  n0: 77968 in 2 places, all below massif's threshold (1.00%)
#-----------
snapshot=15
#-----------
time=30398592997
mem_heap_B=28759032
mem_heap_extra_B=89432
mem_stacks_B=0
heap_tree=empty
#-----------
snapshot=16
#-----------
time=32324153499
mem_heap_B=28415340
mem_heap_extra_B=89852
mem_stacks_B=0
heap_tree=empty
#-----------
snapshot=17
#-----------
time=34914275015
mem_heap_B=28589164
mem_heap_extra_B=89852
mem_stacks_B=0
heap_tree=empty
#-----------
snapshot=18
#-----------
time=36642243471
mem_heap_B=28589164
mem_heap_extra_B=89852
mem_stacks_B=0
heap_tree=empty
#-----------
snapshot=19
#-----------
time=39521817426
mem_heap_B=28787820
mem_heap_extra_B=89852
mem_stacks_B=0
heap_tree=empty
#-----------
snapshot=20
#-----------
time=41249088514
mem_heap_B=28787820
mem_heap_extra_B=89852
mem_stacks_B=0
heap_tree=empty
#-----------
snapshot=21
#-----------
time=43839946464
mem_heap_B=29185132
mem_heap_extra_B=89852
mem_stacks_B=0
heap_tree=empty
#-----------
snapshot=22
#-----------
time=45853665538
mem_heap_B=29185132
mem_heap_extra_B=89852
mem_stacks_B=0
heap_tree=empty
#-----------
snapshot=23
#-----------
time=48759750177
mem_heap_B=28866272
mem_heap_extra_B=90272
mem_stacks_B=0
heap_tree=empty
#-----------
snapshot=24
#-----------
time=51631896873
mem_heap_B=29015264
mem_heap_extra_B=90272
mem_stacks_B=0
heap_tree=empty
#-----------
snapshot=25
#-----------
time=54504615861
mem_heap_B=29213920
mem_heap_extra_B=90272
mem_stacks_B=0
heap_tree=empty
#-----------
snapshot=26
#-----------
time=56802136648
mem_heap_B=29213920
mem_heap_extra_B=90272
mem_stacks_B=0
heap_tree=empty
#-----------
snapshot=27
#-----------
time=59675122165
mem_heap_B=29611232
mem_heap_extra_B=90272
mem_stacks_B=0
heap_tree=empty
#-----------
snapshot=28
#-----------
time=62548040435
mem_heap_B=29611232
mem_heap_extra_B=90272
mem_stacks_B=0
heap_tree=empty
#-----------
snapshot=29
#-----------
time=65932779029
mem_heap_B=31313576
mem_heap_extra_B=99920
mem_stacks_B=0
heap_tree=empty
#-----------
snapshot=30
#-----------
time=68845428967
mem_heap_B=31313576
mem_heap_extra_B=99920
mem_stacks_B=0
heap_tree=empty
#-----------
snapshot=31
#-----------
time=71001017272
mem_heap_B=31957009
mem_heap_extra_B=111719
mem_stacks_B=0
heap_tree=detailed
n7: 31957009 (heap allocation functions) malloc/new/new[], --alloc-fns, etc.
 n1: 16781447 0x729DC39: MPL_malloc (mpl_trmem.h:373)
  n2: 16781447 0x729DC39: ADIOI_Malloc_fn (malloc.c:41)
   n1: 16777216 0x7290218: ADIO_Open (ad_open.c:149)
    n1: 16777216 0x7271815: PMPI_File_open (open.c:152)
     n1: 16777216 0x912CF44: H5FD__mpio_open (H5FDmpio.c:884)
      n1: 16777216 0x8EE3F91: H5FD_open (H5FD.c:768)
       n1: 16777216 0x8ED239F: H5F_open (H5Fint.c:1850)
        n1: 16777216 0x90F34C8: H5VL__native_file_create (H5VLnative_file.c:93)
         n1: 16777216 0x90DFDFC: H5VL__file_create (H5VLcallback.c:3570)
          n1: 16777216 0x90DFDFC: H5VL_file_create (H5VLcallback.c:3604)
           n1: 16777216 0x8EC01C9: H5F__create_api_common (H5F.c:612)
            n1: 16777216 0x8EC1C27: H5Fcreate (H5F.c:659)
             n1: 16777216 0x503FA0A: PetscViewerFileSetName_HDF5 (hdf5v.c:435)
              n1: 16777216 0x5030754: PetscViewerFileSetName (filev.c:764)
               n1: 16777216 0x5040765: PetscViewerHDF5Open (hdf5v.c:629)
                n1: 16777216 0x10F5AF: tise::solve_tise(int, int, std::vector<double, std::allocator<double> > const&, int, int) (tise.cpp:246)
                 n0: 16777216 0x10CF59: main (main.cpp:40)
   n0: 4231 in 27 places, all below massif's threshold (1.00%)
 n1: 4194688 0x71FC284: MPL_malloc (mpl_trmem.h:373)
  n1: 4194688 0x71FC284: MPIDU_Init_shm_alloc (mpidu_init_shm_alloc.c:66)
   n1: 4194688 0x71E84C2: MPID_nem_init (mpid_nem_init.c:253)
    n1: 4194688 0x71DBEE6: MPIDI_CH3_Init (ch3_init.c:83)
     n1: 4194688 0x71CE1D4: init_world (mpid_init.c:169)
      n1: 4194688 0x71CE1D4: MPID_Init (mpid_init.c:66)
       n1: 4194688 0x7132B40: MPII_Init_thread (mpir_init.c:241)
        n1: 4194688 0x6FF0AB3: internal_Init_thread (c_binding.c:49242)
         n1: 4194688 0x6FF0AB3: PMPI_Init_thread (c_binding.c:49297)
          n1: 4194688 0x50A9249: PetscInitialize (pinit.c:1345)
           n1: 4194688 0x6CD89C1: SlepcInitialize (slepcinit.c:264)
            n0: 4194688 0x10CEF5: main (main.cpp:28)
 n3: 3835644 0x5078F25: PetscMallocAlign (mal.c:52)
  n3: 2850364 0x50BFC61: PetscShmgetAllocateArray (server.c:265)
   n1: 1245312 0x534DF65: MatSeqAIJSetPreallocation_SeqAIJ (aij.c:4020)
    n1: 1245312 0x5354D36: MatSeqAIJSetPreallocation (aij.c:3953)
     n1: 1245312 0x5354DC0: MatAssemblyEnd_Seq_Hash (seqhashmat.h:35)
      n1: 1245312 0x5AA2C26: MatAssemblyEnd (matrix.c:5878)
       n0: 1245312 in 4 places, all below massif's threshold (1.00%)
   n0: 957276 in 8 places, all below massif's threshold (1.00%)
   n1: 647776 0x5366612: MatLUFactorSymbolic_SeqAIJ (aijfact.c:388)
    n1: 647776 0x5AA57A6: MatLUFactorSymbolic (matrix.c:3253)
     n1: 647776 0x5F922F7: PCSetUp_LU (lu.c:87)
      n1: 647776 0x604B8E9: PCSetUp (precon.c:1071)
       n1: 647776 0x5EF79FA: KSPSetUp (itfunc.c:415)
        n1: 647776 0x6CCB21F: STSetUp_Shift (shift.c:134)
         n1: 647776 0x6CD25EB: STSetUp (stsolve.c:546)
          n1: 647776 0x6D36A54: EPSSetUp (epssetup.c:394)
           n1: 647776 0x6D387A7: EPSSolve (epssolve.c:132)
            n1: 647776 0x10F81F: tise::solve_tise(int, int, std::vector<double, std::allocator<double> > const&, int, int) (tise.cpp:275)
             n0: 647776 0x10CF59: main (main.cpp:40)
  n2: 965216 0x50793F1: PetscMallocA (mal.c:411)
   n1: 656448 0x5807D69: MatSeqDenseSetPreallocation_SeqDense (dense.c:3357)
    n2: 656448 0x581109E: MatSeqDenseSetPreallocation (dense.c:3338)
     n1: 624000 0x5ABDF22: MatCreateDenseFromVecType (veccreatematdense.c:51)
      n1: 624000 0x6C39D66: BVCreate_Mat (bvmat.c:436)
       n1: 624000 0x6C4621A: BVSetSizesFromVec (bvbasic.c:192)
        n1: 624000 0x6D381A2: EPSAllocateSolution (epssetup.c:728)
         n1: 624000 0x6D0F054: EPSSetUp_KrylovSchur (krylovschur.c:124)
          n1: 624000 0x6D36990: EPSSetUp (epssetup.c:362)
           n1: 624000 0x6D387A7: EPSSolve (epssolve.c:132)
            n1: 624000 0x10F81F: tise::solve_tise(int, int, std::vector<double, std::allocator<double> > const&, int, int) (tise.cpp:275)
             n0: 624000 0x10CF59: main (main.cpp:40)
     n0: 32448 in 1 place, below massif's threshold (1.00%)
   n0: 308768 in 145 places, all below massif's threshold (1.00%)
  n0: 20064 in 1 place, below massif's threshold (1.00%)
 n1: 3670016 0x71D8A9F: MPL_malloc (mpl_trmem.h:373)
  n1: 3670016 0x71D8A9F: MPIDI_RMA_init (mpidi_rma.c:93)
   n1: 3670016 0x71CE2AB: init_world (mpid_init.c:184)
    n1: 3670016 0x71CE2AB: MPID_Init (mpid_init.c:66)
     n1: 3670016 0x7132B40: MPII_Init_thread (mpir_init.c:241)
      n1: 3670016 0x6FF0AB3: internal_Init_thread (c_binding.c:49242)
       n1: 3670016 0x6FF0AB3: PMPI_Init_thread (c_binding.c:49297)
        n1: 3670016 0x50A9249: PetscInitialize (pinit.c:1345)
         n1: 3670016 0x6CD89C1: SlepcInitialize (slepcinit.c:264)
          n0: 3670016 0x10CEF5: main (main.cpp:28)
 n1: 1310720 0x71D8B48: MPL_malloc (mpl_trmem.h:373)
  n1: 1310720 0x71D8B48: MPIDI_RMA_init (mpidi_rma.c:101)
   n1: 1310720 0x71CE2AB: init_world (mpid_init.c:184)
    n1: 1310720 0x71CE2AB: MPID_Init (mpid_init.c:66)
     n1: 1310720 0x7132B40: MPII_Init_thread (mpir_init.c:241)
      n1: 1310720 0x6FF0AB3: internal_Init_thread (c_binding.c:49242)
       n1: 1310720 0x6FF0AB3: PMPI_Init_thread (c_binding.c:49297)
        n1: 1310720 0x50A9249: PetscInitialize (pinit.c:1345)
         n1: 1310720 0x6CD89C1: SlepcInitialize (slepcinit.c:264)
          n0: 1310720 0x10CEF5: main (main.cpp:28)
 n3: 1294276 0x8F0A2AD: H5FL__malloc (H5FL.c:231)
  n2: 889536 0x8F0A3D4: H5FL_reg_malloc (H5FL.c:414)
   n2: 636592 0x8F0A4D1: H5FL_reg_calloc (H5FL.c:468)
    n1: 528184 0x8E3E701: H5C_create (H5C.c:144)
     n1: 528184 0x8E26A75: H5AC_create (H5AC.c:314)
      n1: 528184 0x8ED16A0: H5F__new (H5Fint.c:1304)
       n1: 528184 0x8ED25E8: H5F_open (H5Fint.c:1914)
        n1: 528184 0x90F34C8: H5VL__native_file_create (H5VLnative_file.c:93)
         n1: 528184 0x90DFDFC: H5VL__file_create (H5VLcallback.c:3570)
          n1: 528184 0x90DFDFC: H5VL_file_create (H5VLcallback.c:3604)
           n1: 528184 0x8EC01C9: H5F__create_api_common (H5F.c:612)
            n1: 528184 0x8EC1C27: H5Fcreate (H5F.c:659)
             n1: 528184 0x503FA0A: PetscViewerFileSetName_HDF5 (hdf5v.c:435)
              n1: 528184 0x5030754: PetscViewerFileSetName (filev.c:764)
               n1: 528184 0x5040765: PetscViewerHDF5Open (hdf5v.c:629)
                n1: 528184 0x10F5AF: tise::solve_tise(int, int, std::vector<double, std::allocator<double> > const&, int, int) (tise.cpp:246)
                 n0: 528184 0x10CF59: main (main.cpp:40)
    n0: 108408 in 44 places, all below massif's threshold (1.00%)
   n0: 252944 in 34 places, all below massif's threshold (1.00%)
  n1: 400876 0x8F0A99E: H5FL_blk_malloc (H5FL.c:848)
   n0: 400876 in 11 places, all below massif's threshold (1.00%)
  n0: 3864 in 2 places, all below massif's threshold (1.00%)
 n0: 870218 in 241 places, all below massif's threshold (1.00%)
#-----------
snapshot=32
#-----------
time=72753234518
mem_heap_B=32464220
mem_heap_extra_B=113748
mem_stacks_B=0
heap_tree=empty
#-----------
snapshot=33
#-----------
time=75373822237
mem_heap_B=32464220
mem_heap_extra_B=113748
mem_stacks_B=0
heap_tree=empty
#-----------
snapshot=34
#-----------
time=77105923104
mem_heap_B=32464220
mem_heap_extra_B=113748
mem_stacks_B=0
heap_tree=empty
#-----------
snapshot=35
#-----------
time=79349392798
mem_heap_B=33468488
mem_heap_extra_B=123224
mem_stacks_B=0
heap_tree=empty
#-----------
snapshot=36
#-----------
time=81097299015
mem_heap_B=33468488
mem_heap_extra_B=123224
mem_stacks_B=0
heap_tree=empty
#-----------
snapshot=37
#-----------
time=82822413698
mem_heap_B=33468472
mem_heap_extra_B=123216
mem_stacks_B=0
heap_tree=empty
#-----------
snapshot=38
#-----------
time=84573453903
mem_heap_B=33468488
mem_heap_extra_B=123224
mem_stacks_B=0
heap_tree=empty
#-----------
snapshot=39
#-----------
time=86306769297
mem_heap_B=33468472
mem_heap_extra_B=123216
mem_stacks_B=0
heap_tree=empty
#-----------
snapshot=40
#-----------
time=88051291769
mem_heap_B=33468488
mem_heap_extra_B=123224
mem_stacks_B=0
heap_tree=empty
#-----------
snapshot=41
#-----------
time=91255018930
mem_heap_B=34411972
mem_heap_extra_B=131884
mem_stacks_B=0
heap_tree=empty
#-----------
snapshot=42
#-----------
time=93002902640
mem_heap_B=34411972
mem_heap_extra_B=131884
mem_stacks_B=0
heap_tree=empty
#-----------
snapshot=43
#-----------
time=94752958744
mem_heap_B=34411972
mem_heap_extra_B=131884
mem_stacks_B=0
heap_tree=empty
#-----------
snapshot=44
#-----------
time=97534222836
mem_heap_B=35286576
mem_heap_extra_B=139136
mem_stacks_B=0
heap_tree=empty
#-----------
snapshot=45
#-----------
time=99268463828
mem_heap_B=35286576
mem_heap_extra_B=139136
mem_stacks_B=0
heap_tree=empty
#-----------
snapshot=46
#-----------
time=101915619731
mem_heap_B=36096484
mem_heap_extra_B=145284
mem_stacks_B=0
heap_tree=detailed
n7: 36096484 (heap allocation functions) malloc/new/new[], --alloc-fns, etc.
 n1: 16781447 0x729DC39: MPL_malloc (mpl_trmem.h:373)
  n2: 16781447 0x729DC39: ADIOI_Malloc_fn (malloc.c:41)
   n1: 16777216 0x7290218: ADIO_Open (ad_open.c:149)
    n1: 16777216 0x7271815: PMPI_File_open (open.c:152)
     n1: 16777216 0x912CF44: H5FD__mpio_open (H5FDmpio.c:884)
      n1: 16777216 0x8EE3F91: H5FD_open (H5FD.c:768)
       n1: 16777216 0x8ED239F: H5F_open (H5Fint.c:1850)
        n1: 16777216 0x90F34C8: H5VL__native_file_create (H5VLnative_file.c:93)
         n1: 16777216 0x90DFDFC: H5VL__file_create (H5VLcallback.c:3570)
          n1: 16777216 0x90DFDFC: H5VL_file_create (H5VLcallback.c:3604)
           n1: 16777216 0x8EC01C9: H5F__create_api_common (H5F.c:612)
            n1: 16777216 0x8EC1C27: H5Fcreate (H5F.c:659)
             n1: 16777216 0x503FA0A: PetscViewerFileSetName_HDF5 (hdf5v.c:435)
              n1: 16777216 0x5030754: PetscViewerFileSetName (filev.c:764)
               n1: 16777216 0x5040765: PetscViewerHDF5Open (hdf5v.c:629)
                n1: 16777216 0x10F5AF: tise::solve_tise(int, int, std::vector<double, std::allocator<double> > const&, int, int) (tise.cpp:246)
                 n0: 16777216 0x10CF59: main (main.cpp:40)
   n0: 4231 in 27 places, all below massif's threshold (1.00%)
 n3: 5903960 0x5078F25: PetscMallocAlign (mal.c:52)
  n5: 4802184 0x50BFC61: PetscShmgetAllocateArray (server.c:265)
   n1: 1867968 0x536372D: MatDuplicateNoCreate_SeqAIJ (aij.c:4982)
    n1: 1867968 0x5363A2E: MatDuplicate_SeqAIJ (aij.c:5053)
     n1: 1867968 0x5AAB8FA: MatDuplicate (matrix.c:4964)
      n1: 1867968 0x10F75E: tise::solve_tise(int, int, std::vector<double, std::allocator<double> > const&, int, int) (tise.cpp:269)
       n0: 1867968 0x10CF59: main (main.cpp:40)
   n1: 1245312 0x534DF65: MatSeqAIJSetPreallocation_SeqAIJ (aij.c:4020)
    n1: 1245312 0x5354D36: MatSeqAIJSetPreallocation (aij.c:3953)
     n1: 1245312 0x5354DC0: MatAssemblyEnd_Seq_Hash (seqhashmat.h:35)
      n1: 1245312 0x5AA2C26: MatAssemblyEnd (matrix.c:5878)
       n0: 1245312 in 4 places, all below massif's threshold (1.00%)
   n1: 647776 0x5366612: MatLUFactorSymbolic_SeqAIJ (aijfact.c:388)
    n1: 647776 0x5AA57A6: MatLUFactorSymbolic (matrix.c:3253)
     n1: 647776 0x5F922F7: PCSetUp_LU (lu.c:87)
      n1: 647776 0x604B8E9: PCSetUp (precon.c:1071)
       n1: 647776 0x5EF79FA: KSPSetUp (itfunc.c:415)
        n1: 647776 0x6CCB21F: STSetUp_Shift (shift.c:134)
         n1: 647776 0x6CD25EB: STSetUp (stsolve.c:546)
          n1: 647776 0x6D36A54: EPSSetUp (epssetup.c:394)
           n1: 647776 0x6D387A7: EPSSolve (epssolve.c:132)
            n1: 647776 0x10F81F: tise::solve_tise(int, int, std::vector<double, std::allocator<double> > const&, int, int) (tise.cpp:275)
             n0: 647776 0x10CF59: main (main.cpp:40)
   n0: 574136 in 6 places, all below massif's threshold (1.00%)
   n1: 466992 0x5363750: MatDuplicateNoCreate_SeqAIJ (aij.c:4983)
    n1: 466992 0x5363A2E: MatDuplicate_SeqAIJ (aij.c:5053)
     n1: 466992 0x5AAB8FA: MatDuplicate (matrix.c:4964)
      n1: 466992 0x10F75E: tise::solve_tise(int, int, std::vector<double, std::allocator<double> > const&, int, int) (tise.cpp:269)
       n0: 466992 0x10CF59: main (main.cpp:40)
  n2: 1081712 0x50793F1: PetscMallocA (mal.c:411)
   n1: 656448 0x5807D69: MatSeqDenseSetPreallocation_SeqDense (dense.c:3357)
    n2: 656448 0x581109E: MatSeqDenseSetPreallocation (dense.c:3338)
     n1: 624000 0x5ABDF22: MatCreateDenseFromVecType (veccreatematdense.c:51)
      n1: 624000 0x6C39D66: BVCreate_Mat (bvmat.c:436)
       n1: 624000 0x6C4621A: BVSetSizesFromVec (bvbasic.c:192)
        n1: 624000 0x6D381A2: EPSAllocateSolution (epssetup.c:728)
         n1: 624000 0x6D0F054: EPSSetUp_KrylovSchur (krylovschur.c:124)
          n1: 624000 0x6D36990: EPSSetUp (epssetup.c:362)
           n1: 624000 0x6D387A7: EPSSolve (epssolve.c:132)
            n1: 624000 0x10F81F: tise::solve_tise(int, int, std::vector<double, std::allocator<double> > const&, int, int) (tise.cpp:275)
             n0: 624000 0x10CF59: main (main.cpp:40)
     n0: 32448 in 1 place, below massif's threshold (1.00%)
   n0: 425264 in 145 places, all below massif's threshold (1.00%)
  n0: 20064 in 1 place, below massif's threshold (1.00%)
 n1: 4194688 0x71FC284: MPL_malloc (mpl_trmem.h:373)
  n1: 4194688 0x71FC284: MPIDU_Init_shm_alloc (mpidu_init_shm_alloc.c:66)
   n1: 4194688 0x71E84C2: MPID_nem_init (mpid_nem_init.c:253)
    n1: 4194688 0x71DBEE6: MPIDI_CH3_Init (ch3_init.c:83)
     n1: 4194688 0x71CE1D4: init_world (mpid_init.c:169)
      n1: 4194688 0x71CE1D4: MPID_Init (mpid_init.c:66)
       n1: 4194688 0x7132B40: MPII_Init_thread (mpir_init.c:241)
        n1: 4194688 0x6FF0AB3: internal_Init_thread (c_binding.c:49242)
         n1: 4194688 0x6FF0AB3: PMPI_Init_thread (c_binding.c:49297)
          n1: 4194688 0x50A9249: PetscInitialize (pinit.c:1345)
           n1: 4194688 0x6CD89C1: SlepcInitialize (slepcinit.c:264)
            n0: 4194688 0x10CEF5: main (main.cpp:28)
 n1: 3670016 0x71D8A9F: MPL_malloc (mpl_trmem.h:373)
  n1: 3670016 0x71D8A9F: MPIDI_RMA_init (mpidi_rma.c:93)
   n1: 3670016 0x71CE2AB: init_world (mpid_init.c:184)
    n1: 3670016 0x71CE2AB: MPID_Init (mpid_init.c:66)
     n1: 3670016 0x7132B40: MPII_Init_thread (mpir_init.c:241)
      n1: 3670016 0x6FF0AB3: internal_Init_thread (c_binding.c:49242)
       n1: 3670016 0x6FF0AB3: PMPI_Init_thread (c_binding.c:49297)
        n1: 3670016 0x50A9249: PetscInitialize (pinit.c:1345)
         n1: 3670016 0x6CD89C1: SlepcInitialize (slepcinit.c:264)
          n0: 3670016 0x10CEF5: main (main.cpp:28)
 n3: 3199032 0x8F0A2AD: H5FL__malloc (H5FL.c:231)
  n2: 1857800 0x8F0A99E: H5FL_blk_malloc (H5FL.c:848)
   n2: 1415856 0x8E29E5E: H5B_create (H5B.c:228)
    n1: 1415040 0x8E6495A: H5D__btree_idx_create (H5Dbtree.c:873)
     n1: 1415040 0x8E6D8C1: H5D__chunk_create (H5Dchunk.c:3711)
      n1: 1415040 0x8E8D6CF: H5D__alloc_storage (H5Dint.c:2289)
       n1: 1415040 0x8E9512F: H5D__layout_oh_create (H5Dlayout.c:478)
        n1: 1415040 0x8E8902A: H5D__update_oh_info (H5Dint.c:978)
         n1: 1415040 0x8E8902A: H5D__create (H5Dint.c:1299)
          n1: 1415040 0x8E965C7: H5O__dset_create (H5Doh.c:272)
           n1: 1415040 0x8F9CC85: H5O_obj_create (H5Oint.c:2346)
            n1: 1415040 0x8F63DFF: H5L__link_cb (H5Lint.c:535)
             n1: 1415040 0x8F330F3: H5G__traverse_real (H5Gtraverse.c:595)
              n1: 1415040 0x8F3357D: H5G_traverse (H5Gtraverse.c:815)
               n1: 1415040 0x8F65300: H5L__create_real (H5Lint.c:728)
                n1: 1415040 0x8F65300: H5L_link_object (H5Lint.c:491)
                 n1: 1415040 0x8E886B9: H5D__create_named (H5Dint.c:349)
                  n1: 1415040 0x90F188D: H5VL__native_dataset_create (H5VLnative_dataset.c:280)
                   n1: 1415040 0x90DB927: H5VL__dataset_create (H5VLcallback.c:1839)
                    n1: 1415040 0x90DB927: H5VL_dataset_create (H5VLcallback.c:1874)
                     n1: 1415040 0x8E5B1A7: H5D__create_api_common (H5D.c:133)
                      n1: 1415040 0x8E5C4B2: H5Dcreate2 (H5D.c:185)
                       n1: 1415040 0x5217616: VecView_MPI_HDF5 (pdvec.c:664)
                        n1: 1415040 0x522194B: VecView_Seq (bvec2.c:557)
                         n2: 1415040 0x523F7BF: VecView (vector.c:805)
                          n1: 707520 0x110064: tise::solve_tise(int, int, std::vector<double, std::allocator<double> > const&, int, int) (tise.cpp:309)
                           n0: 707520 0x10CF59: main (main.cpp:40)
                          n1: 707520 0x110745: tise::solve_tise(int, int, std::vector<double, std::allocator<double> > const&, int, int) (tise.cpp:321)
                           n0: 707520 0x10CF59: main (main.cpp:40)
    n0: 816 in 1 place, below massif's threshold (1.00%)
   n0: 441944 in 10 places, all below massif's threshold (1.00%)
  n2: 1334096 0x8F0A3D4: H5FL_reg_malloc (H5FL.c:414)
   n2: 726312 0x8F0A4D1: H5FL_reg_calloc (H5FL.c:468)
    n1: 528184 0x8E3E701: H5C_create (H5C.c:144)
     n1: 528184 0x8E26A75: H5AC_create (H5AC.c:314)
      n1: 528184 0x8ED16A0: H5F__new (H5Fint.c:1304)
       n1: 528184 0x8ED25E8: H5F_open (H5Fint.c:1914)
        n1: 528184 0x90F34C8: H5VL__native_file_create (H5VLnative_file.c:93)
         n1: 528184 0x90DFDFC: H5VL__file_create (H5VLcallback.c:3570)
          n1: 528184 0x90DFDFC: H5VL_file_create (H5VLcallback.c:3604)
           n1: 528184 0x8EC01C9: H5F__create_api_common (H5F.c:612)
            n1: 528184 0x8EC1C27: H5Fcreate (H5F.c:659)
             n1: 528184 0x503FA0A: PetscViewerFileSetName_HDF5 (hdf5v.c:435)
              n1: 528184 0x5030754: PetscViewerFileSetName (filev.c:764)
               n1: 528184 0x5040765: PetscViewerHDF5Open (hdf5v.c:629)
                n1: 528184 0x10F5AF: tise::solve_tise(int, int, std::vector<double, std::allocator<double> > const&, int, int) (tise.cpp:246)
                 n0: 528184 0x10CF59: main (main.cpp:40)
    n0: 198128 in 44 places, all below massif's threshold (1.00%)
   n0: 607784 in 34 places, all below massif's threshold (1.00%)
  n0: 7136 in 2 places, all below massif's threshold (1.00%)
 n1: 1310720 0x71D8B48: MPL_malloc (mpl_trmem.h:373)
  n1: 1310720 0x71D8B48: MPIDI_RMA_init (mpidi_rma.c:101)
   n1: 1310720 0x71CE2AB: init_world (mpid_init.c:184)
    n1: 1310720 0x71CE2AB: MPID_Init (mpid_init.c:66)
     n1: 1310720 0x7132B40: MPII_Init_thread (mpir_init.c:241)
      n1: 1310720 0x6FF0AB3: internal_Init_thread (c_binding.c:49242)
       n1: 1310720 0x6FF0AB3: PMPI_Init_thread (c_binding.c:49297)
        n1: 1310720 0x50A9249: PetscInitialize (pinit.c:1345)
         n1: 1310720 0x6CD89C1: SlepcInitialize (slepcinit.c:264)
          n0: 1310720 0x10CEF5: main (main.cpp:28)
 n0: 1036621 in 241 places, all below massif's threshold (1.00%)
#-----------
snapshot=47
#-----------
time=103657084478
mem_heap_B=36096500
mem_heap_extra_B=145308
mem_stacks_B=0
heap_tree=empty
#-----------
snapshot=48
#-----------
time=106259262859
mem_heap_B=36096500
mem_heap_extra_B=145308
mem_stacks_B=0
heap_tree=empty
#-----------
snapshot=49
#-----------
time=107998991611
mem_heap_B=36096500
mem_heap_extra_B=145308
mem_stacks_B=0
heap_tree=empty
#-----------
snapshot=50
#-----------
time=109490140198
mem_heap_B=36096500
mem_heap_extra_B=145308
mem_stacks_B=0
heap_tree=empty
#-----------
snapshot=51
#-----------
time=109707164723
mem_heap_B=36471174
mem_heap_extra_B=151402
mem_stacks_B=0
heap_tree=detailed
n7: 36471174 (heap allocation functions) malloc/new/new[], --alloc-fns, etc.
 n1: 16781447 0x729DC39: MPL_malloc (mpl_trmem.h:373)
  n2: 16781447 0x729DC39: ADIOI_Malloc_fn (malloc.c:41)
   n1: 16777216 0x7290218: ADIO_Open (ad_open.c:149)
    n1: 16777216 0x7271815: PMPI_File_open (open.c:152)
     n1: 16777216 0x912CF44: H5FD__mpio_open (H5FDmpio.c:884)
      n1: 16777216 0x8EE3F91: H5FD_open (H5FD.c:768)
       n1: 16777216 0x8ED239F: H5F_open (H5Fint.c:1850)
        n1: 16777216 0x90F34C8: H5VL__native_file_create (H5VLnative_file.c:93)
         n1: 16777216 0x90DFDFC: H5VL__file_create (H5VLcallback.c:3570)
          n1: 16777216 0x90DFDFC: H5VL_file_create (H5VLcallback.c:3604)
           n1: 16777216 0x8EC01C9: H5F__create_api_common (H5F.c:612)
            n1: 16777216 0x8EC1C27: H5Fcreate (H5F.c:659)
             n1: 16777216 0x503FA0A: PetscViewerFileSetName_HDF5 (hdf5v.c:435)
              n1: 16777216 0x5030754: PetscViewerFileSetName (filev.c:764)
               n1: 16777216 0x5040765: PetscViewerHDF5Open (hdf5v.c:629)
                n1: 16777216 0x10F5AF: tise::solve_tise(int, int, std::vector<double, std::allocator<double> > const&, int, int) (tise.cpp:246)
                 n0: 16777216 0x10CF59: main (main.cpp:40)
   n0: 4231 in 27 places, all below massif's threshold (1.00%)
 n3: 5929864 0x5078F25: PetscMallocAlign (mal.c:52)
  n5: 4826184 0x50BFC61: PetscShmgetAllocateArray (server.c:265)
   n1: 1867968 0x536372D: MatDuplicateNoCreate_SeqAIJ (aij.c:4982)
    n1: 1867968 0x5363A2E: MatDuplicate_SeqAIJ (aij.c:5053)
     n1: 1867968 0x5AAB8FA: MatDuplicate (matrix.c:4964)
      n1: 1867968 0x10F75E: tise::solve_tise(int, int, std::vector<double, std::allocator<double> > const&, int, int) (tise.cpp:269)
       n0: 1867968 0x10CF59: main (main.cpp:40)
   n1: 1245312 0x534DF65: MatSeqAIJSetPreallocation_SeqAIJ (aij.c:4020)
    n1: 1245312 0x5354D36: MatSeqAIJSetPreallocation (aij.c:3953)
     n1: 1245312 0x5354DC0: MatAssemblyEnd_Seq_Hash (seqhashmat.h:35)
      n1: 1245312 0x5AA2C26: MatAssemblyEnd (matrix.c:5878)
       n0: 1245312 in 4 places, all below massif's threshold (1.00%)
   n1: 647776 0x5366612: MatLUFactorSymbolic_SeqAIJ (aijfact.c:388)
    n1: 647776 0x5AA57A6: MatLUFactorSymbolic (matrix.c:3253)
     n1: 647776 0x5F922F7: PCSetUp_LU (lu.c:87)
      n1: 647776 0x604B8E9: PCSetUp (precon.c:1071)
       n1: 647776 0x5EF79FA: KSPSetUp (itfunc.c:415)
        n1: 647776 0x6CCB21F: STSetUp_Shift (shift.c:134)
         n1: 647776 0x6CD25EB: STSetUp (stsolve.c:546)
          n1: 647776 0x6D36A54: EPSSetUp (epssetup.c:394)
           n1: 647776 0x6D387A7: EPSSolve (epssolve.c:132)
            n1: 647776 0x10F81F: tise::solve_tise(int, int, std::vector<double, std::allocator<double> > const&, int, int) (tise.cpp:275)
             n0: 647776 0x10CF59: main (main.cpp:40)
   n0: 598136 in 6 places, all below massif's threshold (1.00%)
   n1: 466992 0x5363750: MatDuplicateNoCreate_SeqAIJ (aij.c:4983)
    n1: 466992 0x5363A2E: MatDuplicate_SeqAIJ (aij.c:5053)
     n1: 466992 0x5AAB8FA: MatDuplicate (matrix.c:4964)
      n1: 466992 0x10F75E: tise::solve_tise(int, int, std::vector<double, std::allocator<double> > const&, int, int) (tise.cpp:269)
       n0: 466992 0x10CF59: main (main.cpp:40)
  n2: 1083616 0x50793F1: PetscMallocA (mal.c:411)
   n1: 656448 0x5807D69: MatSeqDenseSetPreallocation_SeqDense (dense.c:3357)
    n2: 656448 0x581109E: MatSeqDenseSetPreallocation (dense.c:3338)
     n1: 624000 0x5ABDF22: MatCreateDenseFromVecType (veccreatematdense.c:51)
      n1: 624000 0x6C39D66: BVCreate_Mat (bvmat.c:436)
       n1: 624000 0x6C4621A: BVSetSizesFromVec (bvbasic.c:192)
        n1: 624000 0x6D381A2: EPSAllocateSolution (epssetup.c:728)
         n1: 624000 0x6D0F054: EPSSetUp_KrylovSchur (krylovschur.c:124)
          n1: 624000 0x6D36990: EPSSetUp (epssetup.c:362)
           n1: 624000 0x6D387A7: EPSSolve (epssolve.c:132)
            n1: 624000 0x10F81F: tise::solve_tise(int, int, std::vector<double, std::allocator<double> > const&, int, int) (tise.cpp:275)
             n0: 624000 0x10CF59: main (main.cpp:40)
     n0: 32448 in 1 place, below massif's threshold (1.00%)
   n0: 427168 in 145 places, all below massif's threshold (1.00%)
  n0: 20064 in 1 place, below massif's threshold (1.00%)
 n1: 4194688 0x71FC284: MPL_malloc (mpl_trmem.h:373)
  n1: 4194688 0x71FC284: MPIDU_Init_shm_alloc (mpidu_init_shm_alloc.c:66)
   n1: 4194688 0x71E84C2: MPID_nem_init (mpid_nem_init.c:253)
    n1: 4194688 0x71DBEE6: MPIDI_CH3_Init (ch3_init.c:83)
     n1: 4194688 0x71CE1D4: init_world (mpid_init.c:169)
      n1: 4194688 0x71CE1D4: MPID_Init (mpid_init.c:66)
       n1: 4194688 0x7132B40: MPII_Init_thread (mpir_init.c:241)
        n1: 4194688 0x6FF0AB3: internal_Init_thread (c_binding.c:49242)
         n1: 4194688 0x6FF0AB3: PMPI_Init_thread (c_binding.c:49297)
          n1: 4194688 0x50A9249: PetscInitialize (pinit.c:1345)
           n1: 4194688 0x6CD89C1: SlepcInitialize (slepcinit.c:264)
            n0: 4194688 0x10CEF5: main (main.cpp:28)
 n1: 3670016 0x71D8A9F: MPL_malloc (mpl_trmem.h:373)
  n1: 3670016 0x71D8A9F: MPIDI_RMA_init (mpidi_rma.c:93)
   n1: 3670016 0x71CE2AB: init_world (mpid_init.c:184)
    n1: 3670016 0x71CE2AB: MPID_Init (mpid_init.c:66)
     n1: 3670016 0x7132B40: MPII_Init_thread (mpir_init.c:241)
      n1: 3670016 0x6FF0AB3: internal_Init_thread (c_binding.c:49242)
       n1: 3670016 0x6FF0AB3: PMPI_Init_thread (c_binding.c:49297)
        n1: 3670016 0x50A9249: PetscInitialize (pinit.c:1345)
         n1: 3670016 0x6CD89C1: SlepcInitialize (slepcinit.c:264)
          n0: 3670016 0x10CEF5: main (main.cpp:28)
 n3: 3488076 0x8F0A2AD: H5FL__malloc (H5FL.c:231)
  n2: 2083092 0x8F0A99E: H5FL_blk_malloc (H5FL.c:848)
   n2: 1592736 0x8E29E5E: H5B_create (H5B.c:228)
    n1: 1591920 0x8E6495A: H5D__btree_idx_create (H5Dbtree.c:873)
     n1: 1591920 0x8E6D8C1: H5D__chunk_create (H5Dchunk.c:3711)
      n1: 1591920 0x8E8D6CF: H5D__alloc_storage (H5Dint.c:2289)
       n1: 1591920 0x8E9512F: H5D__layout_oh_create (H5Dlayout.c:478)
        n1: 1591920 0x8E8902A: H5D__update_oh_info (H5Dint.c:978)
         n1: 1591920 0x8E8902A: H5D__create (H5Dint.c:1299)
          n1: 1591920 0x8E965C7: H5O__dset_create (H5Doh.c:272)
           n1: 1591920 0x8F9CC85: H5O_obj_create (H5Oint.c:2346)
            n1: 1591920 0x8F63DFF: H5L__link_cb (H5Lint.c:535)
             n1: 1591920 0x8F330F3: H5G__traverse_real (H5Gtraverse.c:595)
              n1: 1591920 0x8F3357D: H5G_traverse (H5Gtraverse.c:815)
               n1: 1591920 0x8F65300: H5L__create_real (H5Lint.c:728)
                n1: 1591920 0x8F65300: H5L_link_object (H5Lint.c:491)
                 n1: 1591920 0x8E886B9: H5D__create_named (H5Dint.c:349)
                  n1: 1591920 0x90F188D: H5VL__native_dataset_create (H5VLnative_dataset.c:280)
                   n1: 1591920 0x90DB927: H5VL__dataset_create (H5VLcallback.c:1839)
                    n1: 1591920 0x90DB927: H5VL_dataset_create (H5VLcallback.c:1874)
                     n1: 1591920 0x8E5B1A7: H5D__create_api_common (H5D.c:133)
                      n1: 1591920 0x8E5C4B2: H5Dcreate2 (H5D.c:185)
                       n1: 1591920 0x5217616: VecView_MPI_HDF5 (pdvec.c:664)
                        n1: 1591920 0x522194B: VecView_Seq (bvec2.c:557)
                         n2: 1591920 0x523F7BF: VecView (vector.c:805)
                          n1: 795960 0x110064: tise::solve_tise(int, int, std::vector<double, std::allocator<double> > const&, int, int) (tise.cpp:309)
                           n0: 795960 0x10CF59: main (main.cpp:40)
                          n1: 795960 0x110745: tise::solve_tise(int, int, std::vector<double, std::allocator<double> > const&, int, int) (tise.cpp:321)
                           n0: 795960 0x10CF59: main (main.cpp:40)
    n0: 816 in 1 place, below massif's threshold (1.00%)
   n0: 490356 in 10 places, all below massif's threshold (1.00%)
  n2: 1397328 0x8F0A3D4: H5FL_reg_malloc (H5FL.c:414)
   n2: 739528 0x8F0A4D1: H5FL_reg_calloc (H5FL.c:468)
    n1: 528184 0x8E3E701: H5C_create (H5C.c:144)
     n1: 528184 0x8E26A75: H5AC_create (H5AC.c:314)
      n1: 528184 0x8ED16A0: H5F__new (H5Fint.c:1304)
       n1: 528184 0x8ED25E8: H5F_open (H5Fint.c:1914)
        n1: 528184 0x90F34C8: H5VL__native_file_create (H5VLnative_file.c:93)
         n1: 528184 0x90DFDFC: H5VL__file_create (H5VLcallback.c:3570)
          n1: 528184 0x90DFDFC: H5VL_file_create (H5VLcallback.c:3604)
           n1: 528184 0x8EC01C9: H5F__create_api_common (H5F.c:612)
            n1: 528184 0x8EC1C27: H5Fcreate (H5F.c:659)
             n1: 528184 0x503FA0A: PetscViewerFileSetName_HDF5 (hdf5v.c:435)
              n1: 528184 0x5030754: PetscViewerFileSetName (filev.c:764)
               n1: 528184 0x5040765: PetscViewerHDF5Open (hdf5v.c:629)
                n1: 528184 0x10F5AF: tise::solve_tise(int, int, std::vector<double, std::allocator<double> > const&, int, int) (tise.cpp:246)
                 n0: 528184 0x10CF59: main (main.cpp:40)
    n0: 211344 in 44 places, all below massif's threshold (1.00%)
   n0: 657800 in 34 places, all below massif's threshold (1.00%)
  n0: 7656 in 2 places, all below massif's threshold (1.00%)
 n1: 1310720 0x71D8B48: MPL_malloc (mpl_trmem.h:373)
  n1: 1310720 0x71D8B48: MPIDI_RMA_init (mpidi_rma.c:101)
   n1: 1310720 0x71CE2AB: init_world (mpid_init.c:184)
    n1: 1310720 0x71CE2AB: MPID_Init (mpid_init.c:66)
     n1: 1310720 0x7132B40: MPII_Init_thread (mpir_init.c:241)
      n1: 1310720 0x6FF0AB3: internal_Init_thread (c_binding.c:49242)
       n1: 1310720 0x6FF0AB3: PMPI_Init_thread (c_binding.c:49297)
        n1: 1310720 0x50A9249: PetscInitialize (pinit.c:1345)
         n1: 1310720 0x6CD89C1: SlepcInitialize (slepcinit.c:264)
          n0: 1310720 0x10CEF5: main (main.cpp:28)
 n0: 1096363 in 241 places, all below massif's threshold (1.00%)
#-----------
snapshot=52
#-----------
time=109708033831
mem_heap_B=36845608
mem_heap_extra_B=151120
mem_stacks_B=0
heap_tree=detailed
n7: 36845608 (heap allocation functions) malloc/new/new[], --alloc-fns, etc.
 n1: 16781447 0x729DC39: MPL_malloc (mpl_trmem.h:373)
  n2: 16781447 0x729DC39: ADIOI_Malloc_fn (malloc.c:41)
   n1: 16777216 0x7290218: ADIO_Open (ad_open.c:149)
    n1: 16777216 0x7271815: PMPI_File_open (open.c:152)
     n1: 16777216 0x912CF44: H5FD__mpio_open (H5FDmpio.c:884)
      n1: 16777216 0x8EE3F91: H5FD_open (H5FD.c:768)
       n1: 16777216 0x8ED239F: H5F_open (H5Fint.c:1850)
        n1: 16777216 0x90F34C8: H5VL__native_file_create (H5VLnative_file.c:93)
         n1: 16777216 0x90DFDFC: H5VL__file_create (H5VLcallback.c:3570)
          n1: 16777216 0x90DFDFC: H5VL_file_create (H5VLcallback.c:3604)
           n1: 16777216 0x8EC01C9: H5F__create_api_common (H5F.c:612)
            n1: 16777216 0x8EC1C27: H5Fcreate (H5F.c:659)
             n1: 16777216 0x503FA0A: PetscViewerFileSetName_HDF5 (hdf5v.c:435)
              n1: 16777216 0x5030754: PetscViewerFileSetName (filev.c:764)
               n1: 16777216 0x5040765: PetscViewerHDF5Open (hdf5v.c:629)
                n1: 16777216 0x10F5AF: tise::solve_tise(int, int, std::vector<double, std::allocator<double> > const&, int, int) (tise.cpp:246)
                 n0: 16777216 0x10CF59: main (main.cpp:40)
   n0: 4231 in 27 places, all below massif's threshold (1.00%)
 n3: 6322804 0x5078F25: PetscMallocAlign (mal.c:52)
  n5: 5197348 0x50BFC61: PetscShmgetAllocateArray (server.c:265)
   n1: 2179296 0x536372D: MatDuplicateNoCreate_SeqAIJ (aij.c:4982)
    n1: 2179296 0x5363A2E: MatDuplicate_SeqAIJ (aij.c:5053)
     n1: 2179296 0x5AAB8FA: MatDuplicate (matrix.c:4964)
      n1: 2179296 0x10F75E: tise::solve_tise(int, int, std::vector<double, std::allocator<double> > const&, int, int) (tise.cpp:269)
       n0: 2179296 0x10CF59: main (main.cpp:40)
   n1: 1245312 0x534DF65: MatSeqAIJSetPreallocation_SeqAIJ (aij.c:4020)
    n1: 1245312 0x5354D36: MatSeqAIJSetPreallocation (aij.c:3953)
     n1: 1245312 0x5354DC0: MatAssemblyEnd_Seq_Hash (seqhashmat.h:35)
      n1: 1245312 0x5AA2C26: MatAssemblyEnd (matrix.c:5878)
       n0: 1245312 in 4 places, all below massif's threshold (1.00%)
   n1: 647776 0x5366612: MatLUFactorSymbolic_SeqAIJ (aijfact.c:388)
    n1: 647776 0x5AA57A6: MatLUFactorSymbolic (matrix.c:3253)
     n1: 647776 0x5F922F7: PCSetUp_LU (lu.c:87)
      n1: 647776 0x604B8E9: PCSetUp (precon.c:1071)
       n1: 647776 0x5EF79FA: KSPSetUp (itfunc.c:415)
        n1: 647776 0x6CCB21F: STSetUp_Shift (shift.c:134)
         n1: 647776 0x6CD25EB: STSetUp (stsolve.c:546)
          n1: 647776 0x6D36A54: EPSSetUp (epssetup.c:394)
           n1: 647776 0x6D387A7: EPSSolve (epssolve.c:132)
            n1: 647776 0x10F81F: tise::solve_tise(int, int, std::vector<double, std::allocator<double> > const&, int, int) (tise.cpp:275)
             n0: 647776 0x10CF59: main (main.cpp:40)
   n0: 580140 in 6 places, all below massif's threshold (1.00%)
   n1: 544824 0x5363750: MatDuplicateNoCreate_SeqAIJ (aij.c:4983)
    n1: 544824 0x5363A2E: MatDuplicate_SeqAIJ (aij.c:5053)
     n1: 544824 0x5AAB8FA: MatDuplicate (matrix.c:4964)
      n1: 544824 0x10F75E: tise::solve_tise(int, int, std::vector<double, std::allocator<double> > const&, int, int) (tise.cpp:269)
       n0: 544824 0x10CF59: main (main.cpp:40)
  n2: 1105392 0x50793F1: PetscMallocA (mal.c:411)
   n1: 656448 0x5807D69: MatSeqDenseSetPreallocation_SeqDense (dense.c:3357)
    n2: 656448 0x581109E: MatSeqDenseSetPreallocation (dense.c:3338)
     n1: 624000 0x5ABDF22: MatCreateDenseFromVecType (veccreatematdense.c:51)
      n1: 624000 0x6C39D66: BVCreate_Mat (bvmat.c:436)
       n1: 624000 0x6C4621A: BVSetSizesFromVec (bvbasic.c:192)
        n1: 624000 0x6D381A2: EPSAllocateSolution (epssetup.c:728)
         n1: 624000 0x6D0F054: EPSSetUp_KrylovSchur (krylovschur.c:124)
          n1: 624000 0x6D36990: EPSSetUp (epssetup.c:362)
           n1: 624000 0x6D387A7: EPSSolve (epssolve.c:132)
            n1: 624000 0x10F81F: tise::solve_tise(int, int, std::vector<double, std::allocator<double> > const&, int, int) (tise.cpp:275)
             n0: 624000 0x10CF59: main (main.cpp:40)
     n0: 32448 in 1 place, below massif's threshold (1.00%)
   n0: 448944 in 145 places, all below massif's threshold (1.00%)
  n0: 20064 in 1 place, below massif's threshold (1.00%)
 n1: 4194688 0x71FC284: MPL_malloc (mpl_trmem.h:373)
  n1: 4194688 0x71FC284: MPIDU_Init_shm_alloc (mpidu_init_shm_alloc.c:66)
   n1: 4194688 0x71E84C2: MPID_nem_init (mpid_nem_init.c:253)
    n1: 4194688 0x71DBEE6: MPIDI_CH3_Init (ch3_init.c:83)
     n1: 4194688 0x71CE1D4: init_world (mpid_init.c:169)
      n1: 4194688 0x71CE1D4: MPID_Init (mpid_init.c:66)
       n1: 4194688 0x7132B40: MPII_Init_thread (mpir_init.c:241)
        n1: 4194688 0x6FF0AB3: internal_Init_thread (c_binding.c:49242)
         n1: 4194688 0x6FF0AB3: PMPI_Init_thread (c_binding.c:49297)
          n1: 4194688 0x50A9249: PetscInitialize (pinit.c:1345)
           n1: 4194688 0x6CD89C1: SlepcInitialize (slepcinit.c:264)
            n0: 4194688 0x10CEF5: main (main.cpp:28)
 n1: 3670016 0x71D8A9F: MPL_malloc (mpl_trmem.h:373)
  n1: 3670016 0x71D8A9F: MPIDI_RMA_init (mpidi_rma.c:93)
   n1: 3670016 0x71CE2AB: init_world (mpid_init.c:184)
    n1: 3670016 0x71CE2AB: MPID_Init (mpid_init.c:66)
     n1: 3670016 0x7132B40: MPII_Init_thread (mpir_init.c:241)
      n1: 3670016 0x6FF0AB3: internal_Init_thread (c_binding.c:49242)
       n1: 3670016 0x6FF0AB3: PMPI_Init_thread (c_binding.c:49297)
        n1: 3670016 0x50A9249: PetscInitialize (pinit.c:1345)
         n1: 3670016 0x6CD89C1: SlepcInitialize (slepcinit.c:264)
          n0: 3670016 0x10CEF5: main (main.cpp:28)
 n3: 3497560 0x8F0A2AD: H5FL__malloc (H5FL.c:231)
  n2: 2086784 0x8F0A99E: H5FL_blk_malloc (H5FL.c:848)
   n2: 1592736 0x8E29E5E: H5B_create (H5B.c:228)
    n1: 1591920 0x8E6495A: H5D__btree_idx_create (H5Dbtree.c:873)
     n1: 1591920 0x8E6D8C1: H5D__chunk_create (H5Dchunk.c:3711)
      n1: 1591920 0x8E8D6CF: H5D__alloc_storage (H5Dint.c:2289)
       n1: 1591920 0x8E9512F: H5D__layout_oh_create (H5Dlayout.c:478)
        n1: 1591920 0x8E8902A: H5D__update_oh_info (H5Dint.c:978)
         n1: 1591920 0x8E8902A: H5D__create (H5Dint.c:1299)
          n1: 1591920 0x8E965C7: H5O__dset_create (H5Doh.c:272)
           n1: 1591920 0x8F9CC85: H5O_obj_create (H5Oint.c:2346)
            n1: 1591920 0x8F63DFF: H5L__link_cb (H5Lint.c:535)
             n1: 1591920 0x8F330F3: H5G__traverse_real (H5Gtraverse.c:595)
              n1: 1591920 0x8F3357D: H5G_traverse (H5Gtraverse.c:815)
               n1: 1591920 0x8F65300: H5L__create_real (H5Lint.c:728)
                n1: 1591920 0x8F65300: H5L_link_object (H5Lint.c:491)
                 n1: 1591920 0x8E886B9: H5D__create_named (H5Dint.c:349)
                  n1: 1591920 0x90F188D: H5VL__native_dataset_create (H5VLnative_dataset.c:280)
                   n1: 1591920 0x90DB927: H5VL__dataset_create (H5VLcallback.c:1839)
                    n1: 1591920 0x90DB927: H5VL_dataset_create (H5VLcallback.c:1874)
                     n1: 1591920 0x8E5B1A7: H5D__create_api_common (H5D.c:133)
                      n1: 1591920 0x8E5C4B2: H5Dcreate2 (H5D.c:185)
                       n1: 1591920 0x5217616: VecView_MPI_HDF5 (pdvec.c:664)
                        n1: 1591920 0x522194B: VecView_Seq (bvec2.c:557)
                         n2: 1591920 0x523F7BF: VecView (vector.c:805)
                          n1: 795960 0x110064: tise::solve_tise(int, int, std::vector<double, std::allocator<double> > const&, int, int) (tise.cpp:309)
                           n0: 795960 0x10CF59: main (main.cpp:40)
                          n1: 795960 0x110745: tise::solve_tise(int, int, std::vector<double, std::allocator<double> > const&, int, int) (tise.cpp:321)
                           n0: 795960 0x10CF59: main (main.cpp:40)
    n0: 816 in 1 place, below massif's threshold (1.00%)
   n0: 494048 in 10 places, all below massif's threshold (1.00%)
  n2: 1403072 0x8F0A3D4: H5FL_reg_malloc (H5FL.c:414)
   n2: 740240 0x8F0A4D1: H5FL_reg_calloc (H5FL.c:468)
    n1: 528184 0x8E3E701: H5C_create (H5C.c:144)
     n1: 528184 0x8E26A75: H5AC_create (H5AC.c:314)
      n1: 528184 0x8ED16A0: H5F__new (H5Fint.c:1304)
       n1: 528184 0x8ED25E8: H5F_open (H5Fint.c:1914)
        n1: 528184 0x90F34C8: H5VL__native_file_create (H5VLnative_file.c:93)
         n1: 528184 0x90DFDFC: H5VL__file_create (H5VLcallback.c:3570)
          n1: 528184 0x90DFDFC: H5VL_file_create (H5VLcallback.c:3604)
           n1: 528184 0x8EC01C9: H5F__create_api_common (H5F.c:612)
            n1: 528184 0x8EC1C27: H5Fcreate (H5F.c:659)
             n1: 528184 0x503FA0A: PetscViewerFileSetName_HDF5 (hdf5v.c:435)
              n1: 528184 0x5030754: PetscViewerFileSetName (filev.c:764)
               n1: 528184 0x5040765: PetscViewerHDF5Open (hdf5v.c:629)
                n1: 528184 0x10F5AF: tise::solve_tise(int, int, std::vector<double, std::allocator<double> > const&, int, int) (tise.cpp:246)
                 n0: 528184 0x10CF59: main (main.cpp:40)
    n0: 212056 in 44 places, all below massif's threshold (1.00%)
   n0: 662832 in 34 places, all below massif's threshold (1.00%)
  n0: 7704 in 2 places, all below massif's threshold (1.00%)
 n1: 1310720 0x71D8B48: MPL_malloc (mpl_trmem.h:373)
  n1: 1310720 0x71D8B48: MPIDI_RMA_init (mpidi_rma.c:101)
   n1: 1310720 0x71CE2AB: init_world (mpid_init.c:184)
    n1: 1310720 0x71CE2AB: MPID_Init (mpid_init.c:66)
     n1: 1310720 0x7132B40: MPII_Init_thread (mpir_init.c:241)
      n1: 1310720 0x6FF0AB3: internal_Init_thread (c_binding.c:49242)
       n1: 1310720 0x6FF0AB3: PMPI_Init_thread (c_binding.c:49297)
        n1: 1310720 0x50A9249: PetscInitialize (pinit.c:1345)
         n1: 1310720 0x6CD89C1: SlepcInitialize (slepcinit.c:264)
          n0: 1310720 0x10CEF5: main (main.cpp:28)
 n0: 1068373 in 241 places, all below massif's threshold (1.00%)
#-----------
snapshot=53
#-----------
time=111200758541
mem_heap_B=36845624
mem_heap_extra_B=151144
mem_stacks_B=0
heap_tree=empty
#-----------
snapshot=54
#-----------
time=112711388231
mem_heap_B=36845624
mem_heap_extra_B=151144
mem_stacks_B=0
heap_tree=empty
#-----------
snapshot=55
#-----------
time=114200540948
mem_heap_B=36845608
mem_heap_extra_B=151136
mem_stacks_B=0
heap_tree=empty
#-----------
snapshot=56
#-----------
time=115699474953
mem_heap_B=36845624
mem_heap_extra_B=151144
mem_stacks_B=0
heap_tree=empty
#-----------
snapshot=57
#-----------
time=117208251440
mem_heap_B=36845624
mem_heap_extra_B=151144
mem_stacks_B=0
heap_tree=empty
#-----------
snapshot=58
#-----------
time=118328456382
mem_heap_B=37526172
mem_heap_extra_B=155468
mem_stacks_B=0
heap_tree=detailed
n7: 37526172 (heap allocation functions) malloc/new/new[], --alloc-fns, etc.
 n1: 16781447 0x729DC39: MPL_malloc (mpl_trmem.h:373)
  n2: 16781447 0x729DC39: ADIOI_Malloc_fn (malloc.c:41)
   n1: 16777216 0x7290218: ADIO_Open (ad_open.c:149)
    n1: 16777216 0x7271815: PMPI_File_open (open.c:152)
     n1: 16777216 0x912CF44: H5FD__mpio_open (H5FDmpio.c:884)
      n1: 16777216 0x8EE3F91: H5FD_open (H5FD.c:768)
       n1: 16777216 0x8ED239F: H5F_open (H5Fint.c:1850)
        n1: 16777216 0x90F34C8: H5VL__native_file_create (H5VLnative_file.c:93)
         n1: 16777216 0x90DFDFC: H5VL__file_create (H5VLcallback.c:3570)
          n1: 16777216 0x90DFDFC: H5VL_file_create (H5VLcallback.c:3604)
           n1: 16777216 0x8EC01C9: H5F__create_api_common (H5F.c:612)
            n1: 16777216 0x8EC1C27: H5Fcreate (H5F.c:659)
             n1: 16777216 0x503FA0A: PetscViewerFileSetName_HDF5 (hdf5v.c:435)
              n1: 16777216 0x5030754: PetscViewerFileSetName (filev.c:764)
               n1: 16777216 0x5040765: PetscViewerHDF5Open (hdf5v.c:629)
                n1: 16777216 0x10F5AF: tise::solve_tise(int, int, std::vector<double, std::allocator<double> > const&, int, int) (tise.cpp:246)
                 n0: 16777216 0x10CF59: main (main.cpp:40)
   n0: 4231 in 27 places, all below massif's threshold (1.00%)
 n3: 6741648 0x5078F25: PetscMallocAlign (mal.c:52)
  n5: 5592512 0x50BFC61: PetscShmgetAllocateArray (server.c:265)
   n1: 2490624 0x536372D: MatDuplicateNoCreate_SeqAIJ (aij.c:4982)
    n1: 2490624 0x5363A2E: MatDuplicate_SeqAIJ (aij.c:5053)
     n1: 2490624 0x5AAB8FA: MatDuplicate (matrix.c:4964)
      n1: 2490624 0x10F75E: tise::solve_tise(int, int, std::vector<double, std::allocator<double> > const&, int, int) (tise.cpp:269)
       n0: 2490624 0x10CF59: main (main.cpp:40)
   n1: 1245312 0x534DF65: MatSeqAIJSetPreallocation_SeqAIJ (aij.c:4020)
    n1: 1245312 0x5354D36: MatSeqAIJSetPreallocation (aij.c:3953)
     n1: 1245312 0x5354DC0: MatAssemblyEnd_Seq_Hash (seqhashmat.h:35)
      n1: 1245312 0x5AA2C26: MatAssemblyEnd (matrix.c:5878)
       n0: 1245312 in 4 places, all below massif's threshold (1.00%)
   n1: 647776 0x5366612: MatLUFactorSymbolic_SeqAIJ (aijfact.c:388)
    n1: 647776 0x5AA57A6: MatLUFactorSymbolic (matrix.c:3253)
     n1: 647776 0x5F922F7: PCSetUp_LU (lu.c:87)
      n1: 647776 0x604B8E9: PCSetUp (precon.c:1071)
       n1: 647776 0x5EF79FA: KSPSetUp (itfunc.c:415)
        n1: 647776 0x6CCB21F: STSetUp_Shift (shift.c:134)
         n1: 647776 0x6CD25EB: STSetUp (stsolve.c:546)
          n1: 647776 0x6D36A54: EPSSetUp (epssetup.c:394)
           n1: 647776 0x6D387A7: EPSSolve (epssolve.c:132)
            n1: 647776 0x10F81F: tise::solve_tise(int, int, std::vector<double, std::allocator<double> > const&, int, int) (tise.cpp:275)
             n0: 647776 0x10CF59: main (main.cpp:40)
   n1: 622656 0x5363750: MatDuplicateNoCreate_SeqAIJ (aij.c:4983)
    n1: 622656 0x5363A2E: MatDuplicate_SeqAIJ (aij.c:5053)
     n1: 622656 0x5AAB8FA: MatDuplicate (matrix.c:4964)
      n1: 622656 0x10F75E: tise::solve_tise(int, int, std::vector<double, std::allocator<double> > const&, int, int) (tise.cpp:269)
       n0: 622656 0x10CF59: main (main.cpp:40)
   n0: 586144 in 6 places, all below massif's threshold (1.00%)
  n2: 1129072 0x50793F1: PetscMallocA (mal.c:411)
   n1: 656448 0x5807D69: MatSeqDenseSetPreallocation_SeqDense (dense.c:3357)
    n2: 656448 0x581109E: MatSeqDenseSetPreallocation (dense.c:3338)
     n1: 624000 0x5ABDF22: MatCreateDenseFromVecType (veccreatematdense.c:51)
      n1: 624000 0x6C39D66: BVCreate_Mat (bvmat.c:436)
       n1: 624000 0x6C4621A: BVSetSizesFromVec (bvbasic.c:192)
        n1: 624000 0x6D381A2: EPSAllocateSolution (epssetup.c:728)
         n1: 624000 0x6D0F054: EPSSetUp_KrylovSchur (krylovschur.c:124)
          n1: 624000 0x6D36990: EPSSetUp (epssetup.c:362)
           n1: 624000 0x6D387A7: EPSSolve (epssolve.c:132)
            n1: 624000 0x10F81F: tise::solve_tise(int, int, std::vector<double, std::allocator<double> > const&, int, int) (tise.cpp:275)
             n0: 624000 0x10CF59: main (main.cpp:40)
     n0: 32448 in 1 place, below massif's threshold (1.00%)
   n0: 472624 in 145 places, all below massif's threshold (1.00%)
  n0: 20064 in 1 place, below massif's threshold (1.00%)
 n1: 4194688 0x71FC284: MPL_malloc (mpl_trmem.h:373)
  n1: 4194688 0x71FC284: MPIDU_Init_shm_alloc (mpidu_init_shm_alloc.c:66)
   n1: 4194688 0x71E84C2: MPID_nem_init (mpid_nem_init.c:253)
    n1: 4194688 0x71DBEE6: MPIDI_CH3_Init (ch3_init.c:83)
     n1: 4194688 0x71CE1D4: init_world (mpid_init.c:169)
      n1: 4194688 0x71CE1D4: MPID_Init (mpid_init.c:66)
       n1: 4194688 0x7132B40: MPII_Init_thread (mpir_init.c:241)
        n1: 4194688 0x6FF0AB3: internal_Init_thread (c_binding.c:49242)
         n1: 4194688 0x6FF0AB3: PMPI_Init_thread (c_binding.c:49297)
          n1: 4194688 0x50A9249: PetscInitialize (pinit.c:1345)
           n1: 4194688 0x6CD89C1: SlepcInitialize (slepcinit.c:264)
            n0: 4194688 0x10CEF5: main (main.cpp:28)
 n3: 3734376 0x8F0A2AD: H5FL__malloc (H5FL.c:231)
  n2: 2268400 0x8F0A99E: H5FL_blk_malloc (H5FL.c:848)
   n2: 1734240 0x8E29E5E: H5B_create (H5B.c:228)
    n1: 1733424 0x8E6495A: H5D__btree_idx_create (H5Dbtree.c:873)
     n1: 1733424 0x8E6D8C1: H5D__chunk_create (H5Dchunk.c:3711)
      n1: 1733424 0x8E8D6CF: H5D__alloc_storage (H5Dint.c:2289)
       n1: 1733424 0x8E9512F: H5D__layout_oh_create (H5Dlayout.c:478)
        n1: 1733424 0x8E8902A: H5D__update_oh_info (H5Dint.c:978)
         n1: 1733424 0x8E8902A: H5D__create (H5Dint.c:1299)
          n1: 1733424 0x8E965C7: H5O__dset_create (H5Doh.c:272)
           n1: 1733424 0x8F9CC85: H5O_obj_create (H5Oint.c:2346)
            n1: 1733424 0x8F63DFF: H5L__link_cb (H5Lint.c:535)
             n1: 1733424 0x8F330F3: H5G__traverse_real (H5Gtraverse.c:595)
              n1: 1733424 0x8F3357D: H5G_traverse (H5Gtraverse.c:815)
               n1: 1733424 0x8F65300: H5L__create_real (H5Lint.c:728)
                n1: 1733424 0x8F65300: H5L_link_object (H5Lint.c:491)
                 n1: 1733424 0x8E886B9: H5D__create_named (H5Dint.c:349)
                  n1: 1733424 0x90F188D: H5VL__native_dataset_create (H5VLnative_dataset.c:280)
                   n1: 1733424 0x90DB927: H5VL__dataset_create (H5VLcallback.c:1839)
                    n1: 1733424 0x90DB927: H5VL_dataset_create (H5VLcallback.c:1874)
                     n1: 1733424 0x8E5B1A7: H5D__create_api_common (H5D.c:133)
                      n1: 1733424 0x8E5C4B2: H5Dcreate2 (H5D.c:185)
                       n1: 1733424 0x5217616: VecView_MPI_HDF5 (pdvec.c:664)
                        n1: 1733424 0x522194B: VecView_Seq (bvec2.c:557)
                         n2: 1733424 0x523F7BF: VecView (vector.c:805)
                          n1: 866712 0x110064: tise::solve_tise(int, int, std::vector<double, std::allocator<double> > const&, int, int) (tise.cpp:309)
                           n0: 866712 0x10CF59: main (main.cpp:40)
                          n1: 866712 0x110745: tise::solve_tise(int, int, std::vector<double, std::allocator<double> > const&, int, int) (tise.cpp:321)
                           n0: 866712 0x10CF59: main (main.cpp:40)
    n0: 816 in 1 place, below massif's threshold (1.00%)
   n0: 534160 in 10 places, all below massif's threshold (1.00%)
  n2: 1457888 0x8F0A3D4: H5FL_reg_malloc (H5FL.c:414)
   n2: 751472 0x8F0A4D1: H5FL_reg_calloc (H5FL.c:468)
    n1: 528184 0x8E3E701: H5C_create (H5C.c:144)
     n1: 528184 0x8E26A75: H5AC_create (H5AC.c:314)
      n1: 528184 0x8ED16A0: H5F__new (H5Fint.c:1304)
       n1: 528184 0x8ED25E8: H5F_open (H5Fint.c:1914)
        n1: 528184 0x90F34C8: H5VL__native_file_create (H5VLnative_file.c:93)
         n1: 528184 0x90DFDFC: H5VL__file_create (H5VLcallback.c:3570)
          n1: 528184 0x90DFDFC: H5VL_file_create (H5VLcallback.c:3604)
           n1: 528184 0x8EC01C9: H5F__create_api_common (H5F.c:612)
            n1: 528184 0x8EC1C27: H5Fcreate (H5F.c:659)
             n1: 528184 0x503FA0A: PetscViewerFileSetName_HDF5 (hdf5v.c:435)
              n1: 528184 0x5030754: PetscViewerFileSetName (filev.c:764)
               n1: 528184 0x5040765: PetscViewerHDF5Open (hdf5v.c:629)
                n1: 528184 0x10F5AF: tise::solve_tise(int, int, std::vector<double, std::allocator<double> > const&, int, int) (tise.cpp:246)
                 n0: 528184 0x10CF59: main (main.cpp:40)
    n0: 223288 in 44 places, all below massif's threshold (1.00%)
   n0: 706416 in 34 places, all below massif's threshold (1.00%)
  n0: 8088 in 2 places, all below massif's threshold (1.00%)
 n1: 3670016 0x71D8A9F: MPL_malloc (mpl_trmem.h:373)
  n1: 3670016 0x71D8A9F: MPIDI_RMA_init (mpidi_rma.c:93)
   n1: 3670016 0x71CE2AB: init_world (mpid_init.c:184)
    n1: 3670016 0x71CE2AB: MPID_Init (mpid_init.c:66)
     n1: 3670016 0x7132B40: MPII_Init_thread (mpir_init.c:241)
      n1: 3670016 0x6FF0AB3: internal_Init_thread (c_binding.c:49242)
       n1: 3670016 0x6FF0AB3: PMPI_Init_thread (c_binding.c:49297)
        n1: 3670016 0x50A9249: PetscInitialize (pinit.c:1345)
         n1: 3670016 0x6CD89C1: SlepcInitialize (slepcinit.c:264)
          n0: 3670016 0x10CEF5: main (main.cpp:28)
 n1: 1310720 0x71D8B48: MPL_malloc (mpl_trmem.h:373)
  n1: 1310720 0x71D8B48: MPIDI_RMA_init (mpidi_rma.c:101)
   n1: 1310720 0x71CE2AB: init_world (mpid_init.c:184)
    n1: 1310720 0x71CE2AB: MPID_Init (mpid_init.c:66)
     n1: 1310720 0x7132B40: MPII_Init_thread (mpir_init.c:241)
      n1: 1310720 0x6FF0AB3: internal_Init_thread (c_binding.c:49242)
       n1: 1310720 0x6FF0AB3: PMPI_Init_thread (c_binding.c:49297)
        n1: 1310720 0x50A9249: PetscInitialize (pinit.c:1345)
         n1: 1310720 0x6CD89C1: SlepcInitialize (slepcinit.c:264)
          n0: 1310720 0x10CEF5: main (main.cpp:28)
 n0: 1093277 in 241 places, all below massif's threshold (1.00%)
#-----------
snapshot=59
#-----------
time=119817518902
mem_heap_B=37526188
mem_heap_extra_B=155524
mem_stacks_B=0
heap_tree=empty
#-----------
snapshot=60
#-----------
time=121320493684
mem_heap_B=37526188
mem_heap_extra_B=155524
mem_stacks_B=0
heap_tree=empty
#-----------
snapshot=61
#-----------
time=122824269535
mem_heap_B=37526188
mem_heap_extra_B=155524
mem_stacks_B=0
heap_tree=empty
#-----------
snapshot=62
#-----------
time=124325951409
mem_heap_B=37526188
mem_heap_extra_B=155524
mem_stacks_B=0
heap_tree=empty
#-----------
snapshot=63
#-----------
time=124994784503
mem_heap_B=38140136
mem_heap_extra_B=158800
mem_stacks_B=0
heap_tree=detailed
n7: 38140136 (heap allocation functions) malloc/new/new[], --alloc-fns, etc.
 n1: 16781447 0x729DC39: MPL_malloc (mpl_trmem.h:373)
  n2: 16781447 0x729DC39: ADIOI_Malloc_fn (malloc.c:41)
   n1: 16777216 0x7290218: ADIO_Open (ad_open.c:149)
    n1: 16777216 0x7271815: PMPI_File_open (open.c:152)
     n1: 16777216 0x912CF44: H5FD__mpio_open (H5FDmpio.c:884)
      n1: 16777216 0x8EE3F91: H5FD_open (H5FD.c:768)
       n1: 16777216 0x8ED239F: H5F_open (H5Fint.c:1850)
        n1: 16777216 0x90F34C8: H5VL__native_file_create (H5VLnative_file.c:93)
         n1: 16777216 0x90DFDFC: H5VL__file_create (H5VLcallback.c:3570)
          n1: 16777216 0x90DFDFC: H5VL_file_create (H5VLcallback.c:3604)
           n1: 16777216 0x8EC01C9: H5F__create_api_common (H5F.c:612)
            n1: 16777216 0x8EC1C27: H5Fcreate (H5F.c:659)
             n1: 16777216 0x503FA0A: PetscViewerFileSetName_HDF5 (hdf5v.c:435)
              n1: 16777216 0x5030754: PetscViewerFileSetName (filev.c:764)
               n1: 16777216 0x5040765: PetscViewerHDF5Open (hdf5v.c:629)
                n1: 16777216 0x10F5AF: tise::solve_tise(int, int, std::vector<double, std::allocator<double> > const&, int, int) (tise.cpp:246)
                 n0: 16777216 0x10CF59: main (main.cpp:40)
   n0: 4231 in 27 places, all below massif's threshold (1.00%)
 n3: 7160492 0x5078F25: PetscMallocAlign (mal.c:52)
  n5: 5987676 0x50BFC61: PetscShmgetAllocateArray (server.c:265)
   n1: 2801952 0x536372D: MatDuplicateNoCreate_SeqAIJ (aij.c:4982)
    n1: 2801952 0x5363A2E: MatDuplicate_SeqAIJ (aij.c:5053)
     n1: 2801952 0x5AAB8FA: MatDuplicate (matrix.c:4964)
      n1: 2801952 0x10F75E: tise::solve_tise(int, int, std::vector<double, std::allocator<double> > const&, int, int) (tise.cpp:269)
       n0: 2801952 0x10CF59: main (main.cpp:40)
   n1: 1245312 0x534DF65: MatSeqAIJSetPreallocation_SeqAIJ (aij.c:4020)
    n1: 1245312 0x5354D36: MatSeqAIJSetPreallocation (aij.c:3953)
     n1: 1245312 0x5354DC0: MatAssemblyEnd_Seq_Hash (seqhashmat.h:35)
      n1: 1245312 0x5AA2C26: MatAssemblyEnd (matrix.c:5878)
       n0: 1245312 in 4 places, all below massif's threshold (1.00%)
   n1: 700488 0x5363750: MatDuplicateNoCreate_SeqAIJ (aij.c:4983)
    n1: 700488 0x5363A2E: MatDuplicate_SeqAIJ (aij.c:5053)
     n1: 700488 0x5AAB8FA: MatDuplicate (matrix.c:4964)
      n1: 700488 0x10F75E: tise::solve_tise(int, int, std::vector<double, std::allocator<double> > const&, int, int) (tise.cpp:269)
       n0: 700488 0x10CF59: main (main.cpp:40)
   n1: 647776 0x5366612: MatLUFactorSymbolic_SeqAIJ (aijfact.c:388)
    n1: 647776 0x5AA57A6: MatLUFactorSymbolic (matrix.c:3253)
     n1: 647776 0x5F922F7: PCSetUp_LU (lu.c:87)
      n1: 647776 0x604B8E9: PCSetUp (precon.c:1071)
       n1: 647776 0x5EF79FA: KSPSetUp (itfunc.c:415)
        n1: 647776 0x6CCB21F: STSetUp_Shift (shift.c:134)
         n1: 647776 0x6CD25EB: STSetUp (stsolve.c:546)
          n1: 647776 0x6D36A54: EPSSetUp (epssetup.c:394)
           n1: 647776 0x6D387A7: EPSSolve (epssolve.c:132)
            n1: 647776 0x10F81F: tise::solve_tise(int, int, std::vector<double, std::allocator<double> > const&, int, int) (tise.cpp:275)
             n0: 647776 0x10CF59: main (main.cpp:40)
   n0: 592148 in 6 places, all below massif's threshold (1.00%)
  n2: 1152752 0x50793F1: PetscMallocA (mal.c:411)
   n1: 656448 0x5807D69: MatSeqDenseSetPreallocation_SeqDense (dense.c:3357)
    n2: 656448 0x581109E: MatSeqDenseSetPreallocation (dense.c:3338)
     n1: 624000 0x5ABDF22: MatCreateDenseFromVecType (veccreatematdense.c:51)
      n1: 624000 0x6C39D66: BVCreate_Mat (bvmat.c:436)
       n1: 624000 0x6C4621A: BVSetSizesFromVec (bvbasic.c:192)
        n1: 624000 0x6D381A2: EPSAllocateSolution (epssetup.c:728)
         n1: 624000 0x6D0F054: EPSSetUp_KrylovSchur (krylovschur.c:124)
          n1: 624000 0x6D36990: EPSSetUp (epssetup.c:362)
           n1: 624000 0x6D387A7: EPSSolve (epssolve.c:132)
            n1: 624000 0x10F81F: tise::solve_tise(int, int, std::vector<double, std::allocator<double> > const&, int, int) (tise.cpp:275)
             n0: 624000 0x10CF59: main (main.cpp:40)
     n0: 32448 in 1 place, below massif's threshold (1.00%)
   n0: 496304 in 145 places, all below massif's threshold (1.00%)
  n0: 20064 in 1 place, below massif's threshold (1.00%)
 n1: 4194688 0x71FC284: MPL_malloc (mpl_trmem.h:373)
  n1: 4194688 0x71FC284: MPIDU_Init_shm_alloc (mpidu_init_shm_alloc.c:66)
   n1: 4194688 0x71E84C2: MPID_nem_init (mpid_nem_init.c:253)
    n1: 4194688 0x71DBEE6: MPIDI_CH3_Init (ch3_init.c:83)
     n1: 4194688 0x71CE1D4: init_world (mpid_init.c:169)
      n1: 4194688 0x71CE1D4: MPID_Init (mpid_init.c:66)
       n1: 4194688 0x7132B40: MPII_Init_thread (mpir_init.c:241)
        n1: 4194688 0x6FF0AB3: internal_Init_thread (c_binding.c:49242)
         n1: 4194688 0x6FF0AB3: PMPI_Init_thread (c_binding.c:49297)
          n1: 4194688 0x50A9249: PetscInitialize (pinit.c:1345)
           n1: 4194688 0x6CD89C1: SlepcInitialize (slepcinit.c:264)
            n0: 4194688 0x10CEF5: main (main.cpp:28)
 n3: 3911040 0x8F0A2AD: H5FL__malloc (H5FL.c:231)
  n2: 2404120 0x8F0A99E: H5FL_blk_malloc (H5FL.c:848)
   n2: 1840368 0x8E29E5E: H5B_create (H5B.c:228)
    n1: 1839552 0x8E6495A: H5D__btree_idx_create (H5Dbtree.c:873)
     n1: 1839552 0x8E6D8C1: H5D__chunk_create (H5Dchunk.c:3711)
      n1: 1839552 0x8E8D6CF: H5D__alloc_storage (H5Dint.c:2289)
       n1: 1839552 0x8E9512F: H5D__layout_oh_create (H5Dlayout.c:478)
        n1: 1839552 0x8E8902A: H5D__update_oh_info (H5Dint.c:978)
         n1: 1839552 0x8E8902A: H5D__create (H5Dint.c:1299)
          n1: 1839552 0x8E965C7: H5O__dset_create (H5Doh.c:272)
           n1: 1839552 0x8F9CC85: H5O_obj_create (H5Oint.c:2346)
            n1: 1839552 0x8F63DFF: H5L__link_cb (H5Lint.c:535)
             n1: 1839552 0x8F330F3: H5G__traverse_real (H5Gtraverse.c:595)
              n1: 1839552 0x8F3357D: H5G_traverse (H5Gtraverse.c:815)
               n1: 1839552 0x8F65300: H5L__create_real (H5Lint.c:728)
                n1: 1839552 0x8F65300: H5L_link_object (H5Lint.c:491)
                 n1: 1839552 0x8E886B9: H5D__create_named (H5Dint.c:349)
                  n1: 1839552 0x90F188D: H5VL__native_dataset_create (H5VLnative_dataset.c:280)
                   n1: 1839552 0x90DB927: H5VL__dataset_create (H5VLcallback.c:1839)
                    n1: 1839552 0x90DB927: H5VL_dataset_create (H5VLcallback.c:1874)
                     n1: 1839552 0x8E5B1A7: H5D__create_api_common (H5D.c:133)
                      n1: 1839552 0x8E5C4B2: H5Dcreate2 (H5D.c:185)
                       n1: 1839552 0x5217616: VecView_MPI_HDF5 (pdvec.c:664)
                        n1: 1839552 0x522194B: VecView_Seq (bvec2.c:557)
                         n2: 1839552 0x523F7BF: VecView (vector.c:805)
                          n1: 919776 0x110064: tise::solve_tise(int, int, std::vector<double, std::allocator<double> > const&, int, int) (tise.cpp:309)
                           n0: 919776 0x10CF59: main (main.cpp:40)
                          n1: 919776 0x110745: tise::solve_tise(int, int, std::vector<double, std::allocator<double> > const&, int, int) (tise.cpp:321)
                           n0: 919776 0x10CF59: main (main.cpp:40)
    n0: 816 in 1 place, below massif's threshold (1.00%)
   n0: 563752 in 10 places, all below massif's threshold (1.00%)
  n2: 1498544 0x8F0A3D4: H5FL_reg_malloc (H5FL.c:414)
   n2: 759440 0x8F0A4D1: H5FL_reg_calloc (H5FL.c:468)
    n1: 528184 0x8E3E701: H5C_create (H5C.c:144)
     n1: 528184 0x8E26A75: H5AC_create (H5AC.c:314)
      n1: 528184 0x8ED16A0: H5F__new (H5Fint.c:1304)
       n1: 528184 0x8ED25E8: H5F_open (H5Fint.c:1914)
        n1: 528184 0x90F34C8: H5VL__native_file_create (H5VLnative_file.c:93)
         n1: 528184 0x90DFDFC: H5VL__file_create (H5VLcallback.c:3570)
          n1: 528184 0x90DFDFC: H5VL_file_create (H5VLcallback.c:3604)
           n1: 528184 0x8EC01C9: H5F__create_api_common (H5F.c:612)
            n1: 528184 0x8EC1C27: H5Fcreate (H5F.c:659)
             n1: 528184 0x503FA0A: PetscViewerFileSetName_HDF5 (hdf5v.c:435)
              n1: 528184 0x5030754: PetscViewerFileSetName (filev.c:764)
               n1: 528184 0x5040765: PetscViewerHDF5Open (hdf5v.c:629)
                n1: 528184 0x10F5AF: tise::solve_tise(int, int, std::vector<double, std::allocator<double> > const&, int, int) (tise.cpp:246)
                 n0: 528184 0x10CF59: main (main.cpp:40)
    n0: 231256 in 44 places, all below massif's threshold (1.00%)
   n0: 739104 in 34 places, all below massif's threshold (1.00%)
  n0: 8376 in 2 places, all below massif's threshold (1.00%)
 n1: 3670016 0x71D8A9F: MPL_malloc (mpl_trmem.h:373)
  n1: 3670016 0x71D8A9F: MPIDI_RMA_init (mpidi_rma.c:93)
   n1: 3670016 0x71CE2AB: init_world (mpid_init.c:184)
    n1: 3670016 0x71CE2AB: MPID_Init (mpid_init.c:66)
     n1: 3670016 0x7132B40: MPII_Init_thread (mpir_init.c:241)
      n1: 3670016 0x6FF0AB3: internal_Init_thread (c_binding.c:49242)
       n1: 3670016 0x6FF0AB3: PMPI_Init_thread (c_binding.c:49297)
        n1: 3670016 0x50A9249: PetscInitialize (pinit.c:1345)
         n1: 3670016 0x6CD89C1: SlepcInitialize (slepcinit.c:264)
          n0: 3670016 0x10CEF5: main (main.cpp:28)
 n1: 1310720 0x71D8B48: MPL_malloc (mpl_trmem.h:373)
  n1: 1310720 0x71D8B48: MPIDI_RMA_init (mpidi_rma.c:101)
   n1: 1310720 0x71CE2AB: init_world (mpid_init.c:184)
    n1: 1310720 0x71CE2AB: MPID_Init (mpid_init.c:66)
     n1: 1310720 0x7132B40: MPII_Init_thread (mpir_init.c:241)
      n1: 1310720 0x6FF0AB3: internal_Init_thread (c_binding.c:49242)
       n1: 1310720 0x6FF0AB3: PMPI_Init_thread (c_binding.c:49297)
        n1: 1310720 0x50A9249: PetscInitialize (pinit.c:1345)
         n1: 1310720 0x6CD89C1: SlepcInitialize (slepcinit.c:264)
          n0: 1310720 0x10CEF5: main (main.cpp:28)
 n0: 1111733 in 241 places, all below massif's threshold (1.00%)
#-----------
snapshot=64
#-----------
time=126511392759
mem_heap_B=38140152
mem_heap_extra_B=158792
mem_stacks_B=0
heap_tree=empty
#-----------
snapshot=65
#-----------
time=128009872304
mem_heap_B=38140152
mem_heap_extra_B=158792
mem_stacks_B=0
heap_tree=empty
#-----------
snapshot=66
#-----------
time=129507111311
mem_heap_B=38140152
mem_heap_extra_B=158792
mem_stacks_B=0
heap_tree=empty
#-----------
snapshot=67
#-----------
time=131002188584
mem_heap_B=38140152
mem_heap_extra_B=158792
mem_stacks_B=0
heap_tree=empty
#-----------
snapshot=68
#-----------
time=132282011645
mem_heap_B=38689420
mem_heap_extra_B=161116
mem_stacks_B=0
heap_tree=peak
n7: 38689420 (heap allocation functions) malloc/new/new[], --alloc-fns, etc.
 n1: 16781447 0x729DC39: MPL_malloc (mpl_trmem.h:373)
  n2: 16781447 0x729DC39: ADIOI_Malloc_fn (malloc.c:41)
   n1: 16777216 0x7290218: ADIO_Open (ad_open.c:149)
    n1: 16777216 0x7271815: PMPI_File_open (open.c:152)
     n1: 16777216 0x912CF44: H5FD__mpio_open (H5FDmpio.c:884)
      n1: 16777216 0x8EE3F91: H5FD_open (H5FD.c:768)
       n1: 16777216 0x8ED239F: H5F_open (H5Fint.c:1850)
        n1: 16777216 0x90F34C8: H5VL__native_file_create (H5VLnative_file.c:93)
         n1: 16777216 0x90DFDFC: H5VL__file_create (H5VLcallback.c:3570)
          n1: 16777216 0x90DFDFC: H5VL_file_create (H5VLcallback.c:3604)
           n1: 16777216 0x8EC01C9: H5F__create_api_common (H5F.c:612)
            n1: 16777216 0x8EC1C27: H5Fcreate (H5F.c:659)
             n1: 16777216 0x503FA0A: PetscViewerFileSetName_HDF5 (hdf5v.c:435)
              n1: 16777216 0x5030754: PetscViewerFileSetName (filev.c:764)
               n1: 16777216 0x5040765: PetscViewerHDF5Open (hdf5v.c:629)
                n1: 16777216 0x10F5AF: tise::solve_tise(int, int, std::vector<double, std::allocator<double> > const&, int, int) (tise.cpp:246)
                 n0: 16777216 0x10CF59: main (main.cpp:40)
   n0: 4231 in 27 places, all below massif's threshold (1.00%)
 n3: 7579336 0x5078F25: PetscMallocAlign (mal.c:52)
  n5: 6382840 0x50BFC61: PetscShmgetAllocateArray (server.c:265)
   n1: 3113280 0x536372D: MatDuplicateNoCreate_SeqAIJ (aij.c:4982)
    n1: 3113280 0x5363A2E: MatDuplicate_SeqAIJ (aij.c:5053)
     n1: 3113280 0x5AAB8FA: MatDuplicate (matrix.c:4964)
      n1: 3113280 0x10F75E: tise::solve_tise(int, int, std::vector<double, std::allocator<double> > const&, int, int) (tise.cpp:269)
       n0: 3113280 0x10CF59: main (main.cpp:40)
   n1: 1245312 0x534DF65: MatSeqAIJSetPreallocation_SeqAIJ (aij.c:4020)
    n1: 1245312 0x5354D36: MatSeqAIJSetPreallocation (aij.c:3953)
     n1: 1245312 0x5354DC0: MatAssemblyEnd_Seq_Hash (seqhashmat.h:35)
      n1: 1245312 0x5AA2C26: MatAssemblyEnd (matrix.c:5878)
       n0: 1245312 in 4 places, all below massif's threshold (1.00%)
   n1: 778320 0x5363750: MatDuplicateNoCreate_SeqAIJ (aij.c:4983)
    n1: 778320 0x5363A2E: MatDuplicate_SeqAIJ (aij.c:5053)
     n1: 778320 0x5AAB8FA: MatDuplicate (matrix.c:4964)
      n1: 778320 0x10F75E: tise::solve_tise(int, int, std::vector<double, std::allocator<double> > const&, int, int) (tise.cpp:269)
       n0: 778320 0x10CF59: main (main.cpp:40)
   n1: 647776 0x5366612: MatLUFactorSymbolic_SeqAIJ (aijfact.c:388)
    n1: 647776 0x5AA57A6: MatLUFactorSymbolic (matrix.c:3253)
     n1: 647776 0x5F922F7: PCSetUp_LU (lu.c:87)
      n1: 647776 0x604B8E9: PCSetUp (precon.c:1071)
       n1: 647776 0x5EF79FA: KSPSetUp (itfunc.c:415)
        n1: 647776 0x6CCB21F: STSetUp_Shift (shift.c:134)
         n1: 647776 0x6CD25EB: STSetUp (stsolve.c:546)
          n1: 647776 0x6D36A54: EPSSetUp (epssetup.c:394)
           n1: 647776 0x6D387A7: EPSSolve (epssolve.c:132)
            n1: 647776 0x10F81F: tise::solve_tise(int, int, std::vector<double, std::allocator<double> > const&, int, int) (tise.cpp:275)
             n0: 647776 0x10CF59: main (main.cpp:40)
   n0: 598152 in 6 places, all below massif's threshold (1.00%)
  n2: 1176432 0x50793F1: PetscMallocA (mal.c:411)
   n1: 656448 0x5807D69: MatSeqDenseSetPreallocation_SeqDense (dense.c:3357)
    n2: 656448 0x581109E: MatSeqDenseSetPreallocation (dense.c:3338)
     n1: 624000 0x5ABDF22: MatCreateDenseFromVecType (veccreatematdense.c:51)
      n1: 624000 0x6C39D66: BVCreate_Mat (bvmat.c:436)
       n1: 624000 0x6C4621A: BVSetSizesFromVec (bvbasic.c:192)
        n1: 624000 0x6D381A2: EPSAllocateSolution (epssetup.c:728)
         n1: 624000 0x6D0F054: EPSSetUp_KrylovSchur (krylovschur.c:124)
          n1: 624000 0x6D36990: EPSSetUp (epssetup.c:362)
           n1: 624000 0x6D387A7: EPSSolve (epssolve.c:132)
            n1: 624000 0x10F81F: tise::solve_tise(int, int, std::vector<double, std::allocator<double> > const&, int, int) (tise.cpp:275)
             n0: 624000 0x10CF59: main (main.cpp:40)
     n0: 32448 in 1 place, below massif's threshold (1.00%)
   n0: 519984 in 145 places, all below massif's threshold (1.00%)
  n0: 20064 in 1 place, below massif's threshold (1.00%)
 n1: 4194688 0x71FC284: MPL_malloc (mpl_trmem.h:373)
  n1: 4194688 0x71FC284: MPIDU_Init_shm_alloc (mpidu_init_shm_alloc.c:66)
   n1: 4194688 0x71E84C2: MPID_nem_init (mpid_nem_init.c:253)
    n1: 4194688 0x71DBEE6: MPIDI_CH3_Init (ch3_init.c:83)
     n1: 4194688 0x71CE1D4: init_world (mpid_init.c:169)
      n1: 4194688 0x71CE1D4: MPID_Init (mpid_init.c:66)
       n1: 4194688 0x7132B40: MPII_Init_thread (mpir_init.c:241)
        n1: 4194688 0x6FF0AB3: internal_Init_thread (c_binding.c:49242)
         n1: 4194688 0x6FF0AB3: PMPI_Init_thread (c_binding.c:49297)
          n1: 4194688 0x50A9249: PetscInitialize (pinit.c:1345)
           n1: 4194688 0x6CD89C1: SlepcInitialize (slepcinit.c:264)
            n0: 4194688 0x10CEF5: main (main.cpp:28)
 n3: 4028816 0x8F0A2AD: H5FL__malloc (H5FL.c:231)
  n2: 2494600 0x8F0A99E: H5FL_blk_malloc (H5FL.c:848)
   n2: 1911120 0x8E29E5E: H5B_create (H5B.c:228)
    n1: 1910304 0x8E6495A: H5D__btree_idx_create (H5Dbtree.c:873)
     n1: 1910304 0x8E6D8C1: H5D__chunk_create (H5Dchunk.c:3711)
      n1: 1910304 0x8E8D6CF: H5D__alloc_storage (H5Dint.c:2289)
       n1: 1910304 0x8E9512F: H5D__layout_oh_create (H5Dlayout.c:478)
        n1: 1910304 0x8E8902A: H5D__update_oh_info (H5Dint.c:978)
         n1: 1910304 0x8E8902A: H5D__create (H5Dint.c:1299)
          n1: 1910304 0x8E965C7: H5O__dset_create (H5Doh.c:272)
           n1: 1910304 0x8F9CC85: H5O_obj_create (H5Oint.c:2346)
            n1: 1910304 0x8F63DFF: H5L__link_cb (H5Lint.c:535)
             n1: 1910304 0x8F330F3: H5G__traverse_real (H5Gtraverse.c:595)
              n1: 1910304 0x8F3357D: H5G_traverse (H5Gtraverse.c:815)
               n1: 1910304 0x8F65300: H5L__create_real (H5Lint.c:728)
                n1: 1910304 0x8F65300: H5L_link_object (H5Lint.c:491)
                 n1: 1910304 0x8E886B9: H5D__create_named (H5Dint.c:349)
                  n1: 1910304 0x90F188D: H5VL__native_dataset_create (H5VLnative_dataset.c:280)
                   n1: 1910304 0x90DB927: H5VL__dataset_create (H5VLcallback.c:1839)
                    n1: 1910304 0x90DB927: H5VL_dataset_create (H5VLcallback.c:1874)
                     n1: 1910304 0x8E5B1A7: H5D__create_api_common (H5D.c:133)
                      n1: 1910304 0x8E5C4B2: H5Dcreate2 (H5D.c:185)
                       n1: 1910304 0x5217616: VecView_MPI_HDF5 (pdvec.c:664)
                        n1: 1910304 0x522194B: VecView_Seq (bvec2.c:557)
                         n2: 1910304 0x523F7BF: VecView (vector.c:805)
                          n1: 955152 0x110064: tise::solve_tise(int, int, std::vector<double, std::allocator<double> > const&, int, int) (tise.cpp:309)
                           n0: 955152 0x10CF59: main (main.cpp:40)
                          n1: 955152 0x110745: tise::solve_tise(int, int, std::vector<double, std::allocator<double> > const&, int, int) (tise.cpp:321)
                           n0: 955152 0x10CF59: main (main.cpp:40)
    n0: 816 in 1 place, below massif's threshold (1.00%)
   n0: 583480 in 10 places, all below massif's threshold (1.00%)
  n2: 1525648 0x8F0A3D4: H5FL_reg_malloc (H5FL.c:414)
   n2: 764752 0x8F0A4D1: H5FL_reg_calloc (H5FL.c:468)
    n1: 528184 0x8E3E701: H5C_create (H5C.c:144)
     n1: 528184 0x8E26A75: H5AC_create (H5AC.c:314)
      n1: 528184 0x8ED16A0: H5F__new (H5Fint.c:1304)
       n1: 528184 0x8ED25E8: H5F_open (H5Fint.c:1914)
        n1: 528184 0x90F34C8: H5VL__native_file_create (H5VLnative_file.c:93)
         n1: 528184 0x90DFDFC: H5VL__file_create (H5VLcallback.c:3570)
          n1: 528184 0x90DFDFC: H5VL_file_create (H5VLcallback.c:3604)
           n1: 528184 0x8EC01C9: H5F__create_api_common (H5F.c:612)
            n1: 528184 0x8EC1C27: H5Fcreate (H5F.c:659)
             n1: 528184 0x503FA0A: PetscViewerFileSetName_HDF5 (hdf5v.c:435)
              n1: 528184 0x5030754: PetscViewerFileSetName (filev.c:764)
               n1: 528184 0x5040765: PetscViewerHDF5Open (hdf5v.c:629)
                n1: 528184 0x10F5AF: tise::solve_tise(int, int, std::vector<double, std::allocator<double> > const&, int, int) (tise.cpp:246)
                 n0: 528184 0x10CF59: main (main.cpp:40)
    n0: 236568 in 44 places, all below massif's threshold (1.00%)
   n0: 760896 in 34 places, all below massif's threshold (1.00%)
  n0: 8568 in 2 places, all below massif's threshold (1.00%)
 n1: 3670016 0x71D8A9F: MPL_malloc (mpl_trmem.h:373)
  n1: 3670016 0x71D8A9F: MPIDI_RMA_init (mpidi_rma.c:93)
   n1: 3670016 0x71CE2AB: init_world (mpid_init.c:184)
    n1: 3670016 0x71CE2AB: MPID_Init (mpid_init.c:66)
     n1: 3670016 0x7132B40: MPII_Init_thread (mpir_init.c:241)
      n1: 3670016 0x6FF0AB3: internal_Init_thread (c_binding.c:49242)
       n1: 3670016 0x6FF0AB3: PMPI_Init_thread (c_binding.c:49297)
        n1: 3670016 0x50A9249: PetscInitialize (pinit.c:1345)
         n1: 3670016 0x6CD89C1: SlepcInitialize (slepcinit.c:264)
          n0: 3670016 0x10CEF5: main (main.cpp:28)
 n1: 1310720 0x71D8B48: MPL_malloc (mpl_trmem.h:373)
  n1: 1310720 0x71D8B48: MPIDI_RMA_init (mpidi_rma.c:101)
   n1: 1310720 0x71CE2AB: init_world (mpid_init.c:184)
    n1: 1310720 0x71CE2AB: MPID_Init (mpid_init.c:66)
     n1: 1310720 0x7132B40: MPII_Init_thread (mpir_init.c:241)
      n1: 1310720 0x6FF0AB3: internal_Init_thread (c_binding.c:49242)
       n1: 1310720 0x6FF0AB3: PMPI_Init_thread (c_binding.c:49297)
        n1: 1310720 0x50A9249: PetscInitialize (pinit.c:1345)
         n1: 1310720 0x6CD89C1: SlepcInitialize (slepcinit.c:264)
          n0: 1310720 0x10CEF5: main (main.cpp:28)
 n0: 1124397 in 241 places, all below massif's threshold (1.00%)
#-----------
snapshot=69
#-----------
time=133798077519
mem_heap_B=38689436
mem_heap_extra_B=161140
mem_stacks_B=0
heap_tree=empty
#-----------
snapshot=70
#-----------
time=135296510426
mem_heap_B=38689436
mem_heap_extra_B=161140
mem_stacks_B=0
heap_tree=empty
#-----------
snapshot=71
#-----------
time=136790244044
mem_heap_B=38689436
mem_heap_extra_B=161140
mem_stacks_B=0
heap_tree=empty
#-----------
snapshot=72
#-----------
time=138287758188
mem_heap_B=38689436
mem_heap_extra_B=161140
mem_stacks_B=0
heap_tree=empty
